
Data: 

Data: 

Data: 

Data: Rich.co.ke Nairobi Stock Exchange Scroller
Data: 

Data: 

		
Data: 
		
Data: 		
		
Data: 
		
Data: 
		
Data: 
		
Data: 
		
Data: 
		
Data: 
		
Data: 
		
Data: 
		
Data: 
		
Data: 
		
Data: 
		
Data: 
		
Data: 
		
Data: 
		
Data: 
		
Data: 
		
Data: 
			var gaJsHost = (("https:" == document.location.protocol) ? "https://ssl." : "http://www.");
			document.write(unescape("%3Cscript src='" + gaJsHost + "google-analytics.com/ga.js' type='text/javascript'%3E%3C/script%3E"));
			
Data: 
			
Data: 
			try {
			var pageTracker = _gat._getTracker("UA-2567856-13");
			pageTracker._setDomainName(".richlive.co.ke");
			pageTracker._trackPageview();
			} catch(err) {}
		
Data: 
		
Data: 
			var gaJsHost = (("https:" == document.location.protocol) ? "https://ssl." : "http://www.");
			document.write(unescape("%3Cscript src='" + gaJsHost + "google-analytics.com/ga.js' type='text/javascript'%3E%3C/script%3E"));
			
Data: 
			
Data: 
			try {
			var pageTracker = _gat._getTracker("UA-2567856-3");
			pageTracker._setDomainName(".rich.co.ke");
			pageTracker._trackPageview();
			} catch(err) {}
		
Data: 
		
Data: 
    
Data: 
      var woo_settings = {idle_timeout:'300000', domain:'richlive.co.ke'};
      (function(){
      var wsc = document.createElement('script');
      wsc.src = document.location.protocol+'//static.woopra.com/js/woopra.js';
      wsc.type = 'text/javascript';
      wsc.async = true;
      var ssc = document.getElementsByTagName('script')[0];
      ssc.parentNode.insertBefore(wsc, ssc);
      })();
    
Data: 
    
Data: 
      var woo_settings = {idle_timeout:'300000', domain:'rich.co.ke'};
      (function(){
      var wsc = document.createElement('script');
      wsc.src = document.location.protocol+'//static.woopra.com/js/woopra.js';
      wsc.type = 'text/javascript';
      wsc.async = true;
      var ssc = document.getElementsByTagName('script')[0];
      ssc.parentNode.insertBefore(wsc, ssc);
      })();
    
Data: 
    
Data: 

Data: 

Data: 

Data: 

Data: 

Data: 04 Jun 2012