2012-03-27 13:52:56 - workspace/forex_project/genAlerts.php - Successfully fetched registered currency alerts: select serviceName,services.currencyID,currencies.fullName,currencies.abbreviation 
	from services inner join currencies on currencies.currencyID=services.currencyID
2012-03-27 13:52:56 - workspace/forex_project/genAlerts.php - Successfully fetched market rates for KES: select currencyID,market,rate,dateCreated from Rates where 
	market in ('KES/USD','KES/AUD','KES/CAD','KES/CHF','KES/EUR','KES/GBP','KES/JPY','KES/NZD','KES/ZAR') and 
	date(dateCreated)=curdate() and substr(timediff(time(now()),time(dateCreated)),1,2) < '02' order by dateCreated desc
2012-03-27 13:52:56 - workspace/forex_project/genAlerts.php - Successfully created a new alert template: insert into alerts(channelID,sourceAddr,messageContent,messageStatus) 
	values(1,default,'KES/CHF=92.0295 KES/CAD=83.9534 KES/NZD=68.6759 KES/JPY=1.00599 KES/GBP=132.98 KES/ZAR=11.0042 KES/AUD=87.7198 KES/EUR=111.255 KES/USD=83.2028 ','send')
2012-03-27 14:39:33 - workspace/forex_project/genAlerts.php - Successfully fetched registered currency alerts: select serviceName,services.currencyID,currencies.fullName,currencies.abbreviation 
	from services inner join currencies on currencies.currencyID=services.currencyID
2012-03-27 14:39:33 - workspace/forex_project/genAlerts.php - Successfully fetched market rates for KES: select currencyID,market,rate,dateCreated from Rates where 
	market in ('KES/USD','KES/AUD','KES/CAD','KES/CHF','KES/EUR','KES/GBP','KES/JPY','KES/NZD','KES/ZAR') and 
	date(dateCreated)=curdate() and substr(timediff(time(now()),time(dateCreated)),1,2) < '02' order by dateCreated desc
2012-03-27 14:39:33 - workspace/forex_project/genAlerts.php - Successfully created a new alert template: insert into alerts(channelID,sourceAddr,messageContent,messageStatus) 
	values(1,default,'KES/CHF=92.0295 KES/CAD=83.9534 KES/NZD=68.6759 KES/JPY=1.00599 KES/GBP=132.98 KES/ZAR=11.0042 KES/AUD=87.7198 KES/EUR=111.255 KES/USD=83.2028 ','send')
2012-03-27 15:06:47 - workspace/forex_project/genAlerts.php - Successfully fetched registered currency alerts: select serviceName,services.currencyID,currencies.fullName,currencies.abbreviation 
	from services inner join currencies on currencies.currencyID=services.currencyID
2012-03-27 15:06:47 - workspace/forex_project/genAlerts.php - Successfully fetched market rates for KES: select currencyID,market,rate,dateCreated from Rates where 
	market in ('KES/USD','KES/AUD','KES/CAD','KES/CHF','KES/EUR','KES/GBP','KES/JPY','KES/NZD','KES/ZAR') and 
	date(dateCreated)=curdate() and substr(timediff(time(now()),time(dateCreated)),1,2) < '02' order by dateCreated desc
2012-03-27 15:06:47 - workspace/forex_project/genAlerts.php - Successfully created a new alert template: insert into alerts(channelID,sourceAddr,messageContent,messageStatus) 
	values(1,default,'KES/CHF=92.0295 KES/CAD=83.9534 KES/NZD=68.6759 KES/JPY=1.00599 KES/GBP=132.98 KES/ZAR=11.0042 KES/AUD=87.7198 KES/EUR=111.255 KES/USD=83.2028 ','send')
2012-03-27 15:12:17 - workspace/forex_project/genAlerts.php - Successfully fetched registered currency alerts: select serviceName,services.currencyID,currencies.fullName,currencies.abbreviation 
	from services inner join currencies on currencies.currencyID=services.currencyID
2012-03-27 15:12:17 - workspace/forex_project/genAlerts.php - Successfully fetched market rates for KES: select currencyID,market,rate,dateCreated from Rates where 
	market in ('KES/USD','KES/AUD','KES/CAD','KES/CHF','KES/EUR','KES/GBP','KES/JPY','KES/NZD','KES/ZAR') and 
	date(dateCreated)=curdate() and substr(timediff(time(now()),time(dateCreated)),1,2) < '02' order by dateCreated desc
2012-03-27 15:12:18 - workspace/forex_project/genAlerts.php - Successfully created a new alert template: insert into alerts(channelID,sourceAddr,messageContent,messageStatus) 
	values(1,default,'KES/CHF=92.0295 KES/CAD=83.9534 KES/NZD=68.6759 KES/JPY=1.00599 KES/GBP=132.98 KES/ZAR=11.0042 KES/AUD=87.7198 KES/EUR=111.255 KES/USD=83.2028 ','send')
2012-03-27 15:17:00 - workspace/forex_project/genAlerts.php - Successfully fetched registered currency alerts: select serviceName,services.currencyID,currencies.fullName,currencies.abbreviation 
	from services inner join currencies on currencies.currencyID=services.currencyID
2012-03-27 15:17:00 - workspace/forex_project/genAlerts.php - Successfully fetched market rates for KES: select currencyID,market,rate,dateCreated from Rates where 
	market in ('KES/USD','KES/AUD','KES/CAD','KES/CHF','KES/EUR','KES/GBP','KES/JPY','KES/NZD','KES/ZAR') and 
	date(dateCreated)=curdate() and substr(timediff(time(now()),time(dateCreated)),1,2) < '02' order by dateCreated desc
2012-03-27 15:17:00 - workspace/forex_project/genAlerts.php - Successfully created a new alert template: insert into alerts(channelID,sourceAddr,messageContent,messageStatus) 
	values(1,default,'KES/CHF=92.0295 KES/CAD=83.9534 KES/NZD=68.6759 KES/JPY=1.00599 KES/GBP=132.98 KES/ZAR=11.0042 KES/AUD=87.7198 KES/EUR=111.255 KES/USD=83.2028 ','send')
2012-03-27 15:17:00 - workspace/forex_project/genAlerts.php - About to perform bulk insert into outbound
2012-03-27 15:17:00 - workspace/forex_project/genAlerts.php - Successfully inserted alerts template for sending: 
2012-03-27 15:17:00 - workspace/forex_project/genAlerts.php - Successfully updated alerts template for sending: update alerts set messageStatus = 'sent' where alertID = '1'
2012-03-27 15:18:14 - workspace/forex_project/genAlerts.php - Successfully fetched registered currency alerts: select serviceName,services.currencyID,currencies.fullName,currencies.abbreviation 
	from services inner join currencies on currencies.currencyID=services.currencyID
2012-03-27 15:18:14 - workspace/forex_project/genAlerts.php - Successfully fetched market rates for KES: select currencyID,market,rate,dateCreated from Rates where 
	market in ('KES/USD','KES/AUD','KES/CAD','KES/CHF','KES/EUR','KES/GBP','KES/JPY','KES/NZD','KES/ZAR') and 
	date(dateCreated)=curdate() and substr(timediff(time(now()),time(dateCreated)),1,2) < '02' order by dateCreated desc
2012-03-27 15:18:14 - workspace/forex_project/genAlerts.php - Successfully created a new alert template: insert into alerts(channelID,sourceAddr,messageContent,messageStatus) 
	values(1,default,'KES/CHF=92.0295 KES/CAD=83.9534 KES/NZD=68.6759 KES/JPY=1.00599 KES/GBP=132.98 KES/ZAR=11.0042 KES/AUD=87.7198 KES/EUR=111.255 KES/USD=83.2028 ','send')
2012-03-27 15:18:14 - workspace/forex_project/genAlerts.php - About to perform bulk insert into outbound
2012-03-27 15:18:14 - workspace/forex_project/genAlerts.php - Successfully inserted alerts template for sending: insert into outbound(destAddr,sourceAddr,messageType,messageContent,status)  
		values('+',default,default,'K','send')
2012-03-27 15:18:14 - workspace/forex_project/genAlerts.php - Successfully updated alerts template for sending: update alerts set messageStatus = 'sent' where alertID = '1'
2012-03-27 15:21:21 - workspace/forex_project/genAlerts.php - Successfully fetched registered currency alerts: select serviceName,services.currencyID,currencies.fullName,currencies.abbreviation 
	from services inner join currencies on currencies.currencyID=services.currencyID
2012-03-27 15:21:21 - workspace/forex_project/genAlerts.php - Successfully fetched market rates for KES: select currencyID,market,rate,dateCreated from Rates where 
	market in ('KES/USD','KES/AUD','KES/CAD','KES/CHF','KES/EUR','KES/GBP','KES/JPY','KES/NZD','KES/ZAR') and 
	date(dateCreated)=curdate() and substr(timediff(time(now()),time(dateCreated)),1,2) < '02' order by dateCreated desc
2012-03-27 15:21:21 - workspace/forex_project/genAlerts.php - Successfully created a new alert template: insert into alerts(channelID,sourceAddr,messageContent,messageStatus) 
	values(1,default,'KES/CHF=92.0295 KES/CAD=83.9534 KES/NZD=68.6759 KES/JPY=1.00599 KES/GBP=132.98 KES/ZAR=11.0042 KES/AUD=87.7198 KES/EUR=111.255 KES/USD=83.2028 ','send')
2012-03-27 15:21:21 - workspace/forex_project/genAlerts.php - About to perform bulk insert into outbound
2012-03-27 15:21:21 - workspace/forex_project/genAlerts.php - Successfully inserted alerts template for sending: insert into outbound(destAddr,sourceAddr,messageType,messageContent,status)  
		values('+',default,default,'K','send')
2012-03-27 15:21:21 - workspace/forex_project/genAlerts.php - Successfully updated alerts template for sending: update alerts set messageStatus = 'sent' where alertID = '2'
2012-03-27 15:21:43 - workspace/forex_project/genAlerts.php - Successfully fetched registered currency alerts: select serviceName,services.currencyID,currencies.fullName,currencies.abbreviation 
	from services inner join currencies on currencies.currencyID=services.currencyID
2012-03-27 15:21:43 - workspace/forex_project/genAlerts.php - Successfully fetched market rates for KES: select currencyID,market,rate,dateCreated from Rates where 
	market in ('KES/USD','KES/AUD','KES/CAD','KES/CHF','KES/EUR','KES/GBP','KES/JPY','KES/NZD','KES/ZAR') and 
	date(dateCreated)=curdate() and substr(timediff(time(now()),time(dateCreated)),1,2) < '02' order by dateCreated desc
2012-03-27 15:21:43 - workspace/forex_project/genAlerts.php - Successfully created a new alert template: insert into alerts(channelID,sourceAddr,messageContent,messageStatus) 
	values(1,default,'KES/CHF=92.0295 KES/CAD=83.9534 KES/NZD=68.6759 KES/JPY=1.00599 KES/GBP=132.98 KES/ZAR=11.0042 KES/AUD=87.7198 KES/EUR=111.255 KES/USD=83.2028 ','send')
2012-03-27 15:21:43 - workspace/forex_project/genAlerts.php - About to perform bulk insert into outbound
2012-03-27 15:21:43 - workspace/forex_project/genAlerts.php - Successfully inserted alerts template for sending: insert into outbound(destAddr,sourceAddr,messageType,messageContent,status)  
		values('+',default,default,'K','send')
2012-03-27 15:21:43 - workspace/forex_project/genAlerts.php - Successfully updated alerts template for sending: update alerts set messageStatus = 'sent' where alertID = '2'
2012-03-27 15:24:20 - workspace/forex_project/genAlerts.php - Successfully fetched registered currency alerts: select serviceName,services.currencyID,currencies.fullName,currencies.abbreviation 
	from services inner join currencies on currencies.currencyID=services.currencyID
2012-03-27 15:24:20 - workspace/forex_project/genAlerts.php - Successfully fetched market rates for KES: select currencyID,market,rate,dateCreated from Rates where 
	market in ('KES/USD','KES/AUD','KES/CAD','KES/CHF','KES/EUR','KES/GBP','KES/JPY','KES/NZD','KES/ZAR') and 
	date(dateCreated)=curdate() and substr(timediff(time(now()),time(dateCreated)),1,2) < '02' order by dateCreated desc
2012-03-27 15:24:21 - workspace/forex_project/genAlerts.php - Successfully created a new alert template: insert into alerts(channelID,sourceAddr,messageContent,messageStatus) 
	values(1,default,'KES/CHF=92.0295 KES/CAD=83.9534 KES/NZD=68.6759 KES/JPY=1.00599 KES/GBP=132.98 KES/ZAR=11.0042 KES/AUD=87.7198 KES/EUR=111.255 KES/USD=83.2028 ','send')
2012-03-27 15:24:21 - workspace/forex_project/genAlerts.php - About to perform bulk insert into outbound
2012-03-27 15:24:21 - workspace/forex_project/genAlerts.php - Successfully inserted alerts template for sending: insert into outbound(destAddr,sourceAddr,messageType,messageContent,status)  
		values('+254738530962[0]',default,default,'K','send')
2012-03-27 15:24:21 - workspace/forex_project/genAlerts.php - Successfully updated alerts template for sending: update alerts set messageStatus = 'sent' where alertID = '2'
2012-03-27 15:26:26 - workspace/forex_project/genAlerts.php - Successfully fetched registered currency alerts: select serviceName,services.currencyID,currencies.fullName,currencies.abbreviation 
	from services inner join currencies on currencies.currencyID=services.currencyID
2012-03-27 15:26:26 - workspace/forex_project/genAlerts.php - Successfully fetched market rates for KES: select currencyID,market,rate,dateCreated from Rates where 
	market in ('KES/USD','KES/AUD','KES/CAD','KES/CHF','KES/EUR','KES/GBP','KES/JPY','KES/NZD','KES/ZAR') and 
	date(dateCreated)=curdate() and substr(timediff(time(now()),time(dateCreated)),1,2) < '02' order by dateCreated desc
2012-03-27 15:26:26 - workspace/forex_project/genAlerts.php - Successfully created a new alert template: insert into alerts(channelID,sourceAddr,messageContent,messageStatus) 
	values(1,default,'KES/CHF=92.0295 KES/CAD=83.9534 KES/NZD=68.6759 KES/JPY=1.00599 KES/GBP=132.98 KES/ZAR=11.0042 KES/AUD=87.7198 KES/EUR=111.255 KES/USD=83.2028 ','send')
2012-03-27 15:26:26 - workspace/forex_project/genAlerts.php - About to perform bulk insert into outbound
2012-03-27 15:26:26 - workspace/forex_project/genAlerts.php - Successfully inserted alerts template for sending: insert into outbound(destAddr,sourceAddr,messageType,messageContent,status)  
		values('+254738530962',default,default,'K','send')
2012-03-27 15:26:26 - workspace/forex_project/genAlerts.php - Successfully updated alerts template for sending: update alerts set messageStatus = 'sent' where alertID = '2'
2012-03-27 15:26:53 - workspace/forex_project/genAlerts.php - Successfully fetched registered currency alerts: select serviceName,services.currencyID,currencies.fullName,currencies.abbreviation 
	from services inner join currencies on currencies.currencyID=services.currencyID
2012-03-27 15:26:53 - workspace/forex_project/genAlerts.php - Successfully fetched market rates for KES: select currencyID,market,rate,dateCreated from Rates where 
	market in ('KES/USD','KES/AUD','KES/CAD','KES/CHF','KES/EUR','KES/GBP','KES/JPY','KES/NZD','KES/ZAR') and 
	date(dateCreated)=curdate() and substr(timediff(time(now()),time(dateCreated)),1,2) < '02' order by dateCreated desc
2012-03-27 15:26:53 - workspace/forex_project/genAlerts.php - Successfully created a new alert template: insert into alerts(channelID,sourceAddr,messageContent,messageStatus) 
	values(1,default,'KES/CHF=92.0295 KES/CAD=83.9534 KES/NZD=68.6759 KES/JPY=1.00599 KES/GBP=132.98 KES/ZAR=11.0042 KES/AUD=87.7198 KES/EUR=111.255 KES/USD=83.2028 ','send')
2012-03-27 15:26:53 - workspace/forex_project/genAlerts.php - About to perform bulk insert into outbound
2012-03-27 15:26:53 - workspace/forex_project/genAlerts.php - Successfully inserted alerts template for sending: insert into outbound(destAddr,sourceAddr,messageType,messageContent,status)  
		values('+254738530962',default,default,'KES/CHF=92.0295 KES/CAD=83.9534 KES/NZD=68.6759 KES/JPY=1.00599 KES/GBP=132.98 KES/ZAR=11.0042 KES/AUD=87.7198 KES/EUR=111.255 KES/USD=83.2028 ','send')
2012-03-27 15:26:53 - workspace/forex_project/genAlerts.php - Successfully inserted alerts template for sending: insert into outbound(destAddr,sourceAddr,messageType,messageContent,status)  
		values('+254738530962',default,default,'KES/CHF=92.0295 KES/CAD=83.9534 KES/NZD=68.6759 KES/JPY=1.00599 KES/GBP=132.98 KES/ZAR=11.0042 KES/AUD=87.7198 KES/EUR=111.255 KES/USD=83.2028 ','send')
2012-03-27 15:26:53 - workspace/forex_project/genAlerts.php - Successfully inserted alerts template for sending: insert into outbound(destAddr,sourceAddr,messageType,messageContent,status)  
		values('+254738530962',default,default,'KES/CHF=92.0295 KES/CAD=83.9534 KES/NZD=68.6759 KES/JPY=1.00599 KES/GBP=132.98 KES/ZAR=11.0042 KES/AUD=87.7198 KES/EUR=111.255 KES/USD=83.2028 ','send')
2012-03-27 15:26:53 - workspace/forex_project/genAlerts.php - Successfully inserted alerts template for sending: insert into outbound(destAddr,sourceAddr,messageType,messageContent,status)  
		values('+254738530962',default,default,'KES/CHF=92.0295 KES/CAD=83.9534 KES/NZD=68.6759 KES/JPY=1.00599 KES/GBP=132.98 KES/ZAR=11.0042 KES/AUD=87.7198 KES/EUR=111.255 KES/USD=83.2028 ','send')
2012-03-27 15:26:53 - workspace/forex_project/genAlerts.php - Successfully inserted alerts template for sending: insert into outbound(destAddr,sourceAddr,messageType,messageContent,status)  
		values('+254738530962',default,default,'KES/CHF=92.0295 KES/CAD=83.9534 KES/NZD=68.6759 KES/JPY=1.00599 KES/GBP=132.98 KES/ZAR=11.0042 KES/AUD=87.7198 KES/EUR=111.255 KES/USD=83.2028 ','send')
2012-03-27 15:26:53 - workspace/forex_project/genAlerts.php - Successfully inserted alerts template for sending: insert into outbound(destAddr,sourceAddr,messageType,messageContent,status)  
		values('+254738530962',default,default,'KES/CHF=92.0295 KES/CAD=83.9534 KES/NZD=68.6759 KES/JPY=1.00599 KES/GBP=132.98 KES/ZAR=11.0042 KES/AUD=87.7198 KES/EUR=111.255 KES/USD=83.2028 ','send')
2012-03-27 15:26:53 - workspace/forex_project/genAlerts.php - Successfully inserted alerts template for sending: insert into outbound(destAddr,sourceAddr,messageType,messageContent,status)  
		values('254738530962',default,default,'KES/CHF=92.0295 KES/CAD=83.9534 KES/NZD=68.6759 KES/JPY=1.00599 KES/GBP=132.98 KES/ZAR=11.0042 KES/AUD=87.7198 KES/EUR=111.255 KES/USD=83.2028 ','send')
2012-03-27 15:26:53 - workspace/forex_project/genAlerts.php - Successfully inserted alerts template for sending: insert into outbound(destAddr,sourceAddr,messageType,messageContent,status)  
		values('+254738530962',default,default,'KES/CHF=92.0295 KES/CAD=83.9534 KES/NZD=68.6759 KES/JPY=1.00599 KES/GBP=132.98 KES/ZAR=11.0042 KES/AUD=87.7198 KES/EUR=111.255 KES/USD=83.2028 ','send')
2012-03-27 15:26:53 - workspace/forex_project/genAlerts.php - Successfully inserted alerts template for sending: insert into outbound(destAddr,sourceAddr,messageType,messageContent,status)  
		values('+254738530962',default,default,'KES/CHF=92.0295 KES/CAD=83.9534 KES/NZD=68.6759 KES/JPY=1.00599 KES/GBP=132.98 KES/ZAR=11.0042 KES/AUD=87.7198 KES/EUR=111.255 KES/USD=83.2028 ','send')
2012-03-27 15:26:53 - workspace/forex_project/genAlerts.php - Successfully inserted alerts template for sending: insert into outbound(destAddr,sourceAddr,messageType,messageContent,status)  
		values('+254738530962',default,default,'KES/CHF=92.0295 KES/CAD=83.9534 KES/NZD=68.6759 KES/JPY=1.00599 KES/GBP=132.98 KES/ZAR=11.0042 KES/AUD=87.7198 KES/EUR=111.255 KES/USD=83.2028 ','send')
2012-03-27 15:26:53 - workspace/forex_project/genAlerts.php - Successfully inserted alerts template for sending: insert into outbound(destAddr,sourceAddr,messageType,messageContent,status)  
		values('+254738530962',default,default,'KES/CHF=92.0295 KES/CAD=83.9534 KES/NZD=68.6759 KES/JPY=1.00599 KES/GBP=132.98 KES/ZAR=11.0042 KES/AUD=87.7198 KES/EUR=111.255 KES/USD=83.2028 ','send')
2012-03-27 15:26:53 - workspace/forex_project/genAlerts.php - Successfully inserted alerts template for sending: insert into outbound(destAddr,sourceAddr,messageType,messageContent,status)  
		values('+254738530962',default,default,'KES/CHF=92.0295 KES/CAD=83.9534 KES/NZD=68.6759 KES/JPY=1.00599 KES/GBP=132.98 KES/ZAR=11.0042 KES/AUD=87.7198 KES/EUR=111.255 KES/USD=83.2028 ','send')
2012-03-27 15:26:53 - workspace/forex_project/genAlerts.php - Successfully inserted alerts template for sending: insert into outbound(destAddr,sourceAddr,messageType,messageContent,status)  
		values('254738530962',default,default,'KES/CHF=92.0295 KES/CAD=83.9534 KES/NZD=68.6759 KES/JPY=1.00599 KES/GBP=132.98 KES/ZAR=11.0042 KES/AUD=87.7198 KES/EUR=111.255 KES/USD=83.2028 ','send')
2012-03-27 15:26:53 - workspace/forex_project/genAlerts.php - Successfully inserted alerts template for sending: insert into outbound(destAddr,sourceAddr,messageType,messageContent,status)  
		values('+254738530962',default,default,'KES/CHF=92.0295 KES/CAD=83.9534 KES/NZD=68.6759 KES/JPY=1.00599 KES/GBP=132.98 KES/ZAR=11.0042 KES/AUD=87.7198 KES/EUR=111.255 KES/USD=83.2028 ','send')
2012-03-27 15:26:54 - workspace/forex_project/genAlerts.php - Successfully inserted alerts template for sending: insert into outbound(destAddr,sourceAddr,messageType,messageContent,status)  
		values('+254738530962',default,default,'KES/CHF=92.0295 KES/CAD=83.9534 KES/NZD=68.6759 KES/JPY=1.00599 KES/GBP=132.98 KES/ZAR=11.0042 KES/AUD=87.7198 KES/EUR=111.255 KES/USD=83.2028 ','send')
2012-03-27 15:26:54 - workspace/forex_project/genAlerts.php - Successfully inserted alerts template for sending: insert into outbound(destAddr,sourceAddr,messageType,messageContent,status)  
		values('+254738530962',default,default,'KES/CHF=92.0295 KES/CAD=83.9534 KES/NZD=68.6759 KES/JPY=1.00599 KES/GBP=132.98 KES/ZAR=11.0042 KES/AUD=87.7198 KES/EUR=111.255 KES/USD=83.2028 ','send')
2012-03-27 15:26:54 - workspace/forex_project/genAlerts.php - Successfully inserted alerts template for sending: insert into outbound(destAddr,sourceAddr,messageType,messageContent,status)  
		values('+254738530962',default,default,'KES/CHF=92.0295 KES/CAD=83.9534 KES/NZD=68.6759 KES/JPY=1.00599 KES/GBP=132.98 KES/ZAR=11.0042 KES/AUD=87.7198 KES/EUR=111.255 KES/USD=83.2028 ','send')
2012-03-27 15:26:54 - workspace/forex_project/genAlerts.php - Successfully inserted alerts template for sending: insert into outbound(destAddr,sourceAddr,messageType,messageContent,status)  
		values('+254738530962',default,default,'KES/CHF=92.0295 KES/CAD=83.9534 KES/NZD=68.6759 KES/JPY=1.00599 KES/GBP=132.98 KES/ZAR=11.0042 KES/AUD=87.7198 KES/EUR=111.255 KES/USD=83.2028 ','send')
2012-03-27 15:26:54 - workspace/forex_project/genAlerts.php - Successfully inserted alerts template for sending: insert into outbound(destAddr,sourceAddr,messageType,messageContent,status)  
		values('+254738530962',default,default,'KES/CHF=92.0295 KES/CAD=83.9534 KES/NZD=68.6759 KES/JPY=1.00599 KES/GBP=132.98 KES/ZAR=11.0042 KES/AUD=87.7198 KES/EUR=111.255 KES/USD=83.2028 ','send')
2012-03-27 15:26:54 - workspace/forex_project/genAlerts.php - Successfully inserted alerts template for sending: insert into outbound(destAddr,sourceAddr,messageType,messageContent,status)  
		values('+254738530962',default,default,'KES/CHF=92.0295 KES/CAD=83.9534 KES/NZD=68.6759 KES/JPY=1.00599 KES/GBP=132.98 KES/ZAR=11.0042 KES/AUD=87.7198 KES/EUR=111.255 KES/USD=83.2028 ','send')
2012-03-27 15:26:54 - workspace/forex_project/genAlerts.php - Successfully inserted alerts template for sending: insert into outbound(destAddr,sourceAddr,messageType,messageContent,status)  
		values('+254738530962',default,default,'KES/CHF=92.0295 KES/CAD=83.9534 KES/NZD=68.6759 KES/JPY=1.00599 KES/GBP=132.98 KES/ZAR=11.0042 KES/AUD=87.7198 KES/EUR=111.255 KES/USD=83.2028 ','send')
2012-03-27 15:26:54 - workspace/forex_project/genAlerts.php - Successfully inserted alerts template for sending: insert into outbound(destAddr,sourceAddr,messageType,messageContent,status)  
		values('+254738530962',default,default,'KES/CHF=92.0295 KES/CAD=83.9534 KES/NZD=68.6759 KES/JPY=1.00599 KES/GBP=132.98 KES/ZAR=11.0042 KES/AUD=87.7198 KES/EUR=111.255 KES/USD=83.2028 ','send')
2012-03-27 15:26:54 - workspace/forex_project/genAlerts.php - Successfully inserted alerts template for sending: insert into outbound(destAddr,sourceAddr,messageType,messageContent,status)  
		values('+254738530962',default,default,'KES/CHF=92.0295 KES/CAD=83.9534 KES/NZD=68.6759 KES/JPY=1.00599 KES/GBP=132.98 KES/ZAR=11.0042 KES/AUD=87.7198 KES/EUR=111.255 KES/USD=83.2028 ','send')
2012-03-27 15:26:54 - workspace/forex_project/genAlerts.php - Successfully inserted alerts template for sending: insert into outbound(destAddr,sourceAddr,messageType,messageContent,status)  
		values('+254738530962',default,default,'KES/CHF=92.0295 KES/CAD=83.9534 KES/NZD=68.6759 KES/JPY=1.00599 KES/GBP=132.98 KES/ZAR=11.0042 KES/AUD=87.7198 KES/EUR=111.255 KES/USD=83.2028 ','send')
2012-03-27 15:26:54 - workspace/forex_project/genAlerts.php - Successfully inserted alerts template for sending: insert into outbound(destAddr,sourceAddr,messageType,messageContent,status)  
		values('+254738530962',default,default,'KES/CHF=92.0295 KES/CAD=83.9534 KES/NZD=68.6759 KES/JPY=1.00599 KES/GBP=132.98 KES/ZAR=11.0042 KES/AUD=87.7198 KES/EUR=111.255 KES/USD=83.2028 ','send')
2012-03-27 15:26:54 - workspace/forex_project/genAlerts.php - Successfully inserted alerts template for sending: insert into outbound(destAddr,sourceAddr,messageType,messageContent,status)  
		values('+254738530962',default,default,'KES/CHF=92.0295 KES/CAD=83.9534 KES/NZD=68.6759 KES/JPY=1.00599 KES/GBP=132.98 KES/ZAR=11.0042 KES/AUD=87.7198 KES/EUR=111.255 KES/USD=83.2028 ','send')
2012-03-27 15:26:54 - workspace/forex_project/genAlerts.php - Successfully inserted alerts template for sending: insert into outbound(destAddr,sourceAddr,messageType,messageContent,status)  
		values('+254738530962',default,default,'KES/CHF=92.0295 KES/CAD=83.9534 KES/NZD=68.6759 KES/JPY=1.00599 KES/GBP=132.98 KES/ZAR=11.0042 KES/AUD=87.7198 KES/EUR=111.255 KES/USD=83.2028 ','send')
2012-03-27 15:26:54 - workspace/forex_project/genAlerts.php - Successfully inserted alerts template for sending: insert into outbound(destAddr,sourceAddr,messageType,messageContent,status)  
		values('+254738530962',default,default,'KES/CHF=92.0295 KES/CAD=83.9534 KES/NZD=68.6759 KES/JPY=1.00599 KES/GBP=132.98 KES/ZAR=11.0042 KES/AUD=87.7198 KES/EUR=111.255 KES/USD=83.2028 ','send')
2012-03-27 15:26:54 - workspace/forex_project/genAlerts.php - Successfully inserted alerts template for sending: insert into outbound(destAddr,sourceAddr,messageType,messageContent,status)  
		values('254738530962',default,default,'KES/CHF=92.0295 KES/CAD=83.9534 KES/NZD=68.6759 KES/JPY=1.00599 KES/GBP=132.98 KES/ZAR=11.0042 KES/AUD=87.7198 KES/EUR=111.255 KES/USD=83.2028 ','send')
2012-03-27 15:26:54 - workspace/forex_project/genAlerts.php - Successfully inserted alerts template for sending: insert into outbound(destAddr,sourceAddr,messageType,messageContent,status)  
		values('+254738530962',default,default,'KES/CHF=92.0295 KES/CAD=83.9534 KES/NZD=68.6759 KES/JPY=1.00599 KES/GBP=132.98 KES/ZAR=11.0042 KES/AUD=87.7198 KES/EUR=111.255 KES/USD=83.2028 ','send')
2012-03-27 15:26:54 - workspace/forex_project/genAlerts.php - Successfully inserted alerts template for sending: insert into outbound(destAddr,sourceAddr,messageType,messageContent,status)  
		values('+254738530962',default,default,'KES/CHF=92.0295 KES/CAD=83.9534 KES/NZD=68.6759 KES/JPY=1.00599 KES/GBP=132.98 KES/ZAR=11.0042 KES/AUD=87.7198 KES/EUR=111.255 KES/USD=83.2028 ','send')
2012-03-27 15:26:54 - workspace/forex_project/genAlerts.php - Successfully inserted alerts template for sending: insert into outbound(destAddr,sourceAddr,messageType,messageContent,status)  
		values('+254738530962',default,default,'KES/CHF=92.0295 KES/CAD=83.9534 KES/NZD=68.6759 KES/JPY=1.00599 KES/GBP=132.98 KES/ZAR=11.0042 KES/AUD=87.7198 KES/EUR=111.255 KES/USD=83.2028 ','send')
2012-03-27 15:26:54 - workspace/forex_project/genAlerts.php - Successfully inserted alerts template for sending: insert into outbound(destAddr,sourceAddr,messageType,messageContent,status)  
		values('+254738530962',default,default,'KES/CHF=92.0295 KES/CAD=83.9534 KES/NZD=68.6759 KES/JPY=1.00599 KES/GBP=132.98 KES/ZAR=11.0042 KES/AUD=87.7198 KES/EUR=111.255 KES/USD=83.2028 ','send')
2012-03-27 15:26:55 - workspace/forex_project/genAlerts.php - Successfully inserted alerts template for sending: insert into outbound(destAddr,sourceAddr,messageType,messageContent,status)  
		values('+254738530962',default,default,'KES/CHF=92.0295 KES/CAD=83.9534 KES/NZD=68.6759 KES/JPY=1.00599 KES/GBP=132.98 KES/ZAR=11.0042 KES/AUD=87.7198 KES/EUR=111.255 KES/USD=83.2028 ','send')
2012-03-27 15:26:55 - workspace/forex_project/genAlerts.php - Successfully inserted alerts template for sending: insert into outbound(destAddr,sourceAddr,messageType,messageContent,status)  
		values('254738530962',default,default,'KES/CHF=92.0295 KES/CAD=83.9534 KES/NZD=68.6759 KES/JPY=1.00599 KES/GBP=132.98 KES/ZAR=11.0042 KES/AUD=87.7198 KES/EUR=111.255 KES/USD=83.2028 ','send')
2012-03-27 15:26:55 - workspace/forex_project/genAlerts.php - Successfully inserted alerts template for sending: insert into outbound(destAddr,sourceAddr,messageType,messageContent,status)  
		values('+254738530962',default,default,'KES/CHF=92.0295 KES/CAD=83.9534 KES/NZD=68.6759 KES/JPY=1.00599 KES/GBP=132.98 KES/ZAR=11.0042 KES/AUD=87.7198 KES/EUR=111.255 KES/USD=83.2028 ','send')
2012-03-27 15:26:55 - workspace/forex_project/genAlerts.php - Successfully inserted alerts template for sending: insert into outbound(destAddr,sourceAddr,messageType,messageContent,status)  
		values('+254738530962',default,default,'KES/CHF=92.0295 KES/CAD=83.9534 KES/NZD=68.6759 KES/JPY=1.00599 KES/GBP=132.98 KES/ZAR=11.0042 KES/AUD=87.7198 KES/EUR=111.255 KES/USD=83.2028 ','send')
2012-03-27 15:26:55 - workspace/forex_project/genAlerts.php - Successfully inserted alerts template for sending: insert into outbound(destAddr,sourceAddr,messageType,messageContent,status)  
		values('+254738530962',default,default,'KES/CHF=92.0295 KES/CAD=83.9534 KES/NZD=68.6759 KES/JPY=1.00599 KES/GBP=132.98 KES/ZAR=11.0042 KES/AUD=87.7198 KES/EUR=111.255 KES/USD=83.2028 ','send')
2012-03-27 15:26:55 - workspace/forex_project/genAlerts.php - Successfully inserted alerts template for sending: insert into outbound(destAddr,sourceAddr,messageType,messageContent,status)  
		values('+254738530962',default,default,'KES/CHF=92.0295 KES/CAD=83.9534 KES/NZD=68.6759 KES/JPY=1.00599 KES/GBP=132.98 KES/ZAR=11.0042 KES/AUD=87.7198 KES/EUR=111.255 KES/USD=83.2028 ','send')
2012-03-27 15:26:55 - workspace/forex_project/genAlerts.php - Successfully inserted alerts template for sending: insert into outbound(destAddr,sourceAddr,messageType,messageContent,status)  
		values('+254738530962',default,default,'KES/CHF=92.0295 KES/CAD=83.9534 KES/NZD=68.6759 KES/JPY=1.00599 KES/GBP=132.98 KES/ZAR=11.0042 KES/AUD=87.7198 KES/EUR=111.255 KES/USD=83.2028 ','send')
2012-03-27 15:26:55 - workspace/forex_project/genAlerts.php - Successfully inserted alerts template for sending: insert into outbound(destAddr,sourceAddr,messageType,messageContent,status)  
		values('+254738530962',default,default,'KES/CHF=92.0295 KES/CAD=83.9534 KES/NZD=68.6759 KES/JPY=1.00599 KES/GBP=132.98 KES/ZAR=11.0042 KES/AUD=87.7198 KES/EUR=111.255 KES/USD=83.2028 ','send')
2012-03-27 15:26:55 - workspace/forex_project/genAlerts.php - Successfully inserted alerts template for sending: insert into outbound(destAddr,sourceAddr,messageType,messageContent,status)  
		values('+254738530962',default,default,'KES/CHF=92.0295 KES/CAD=83.9534 KES/NZD=68.6759 KES/JPY=1.00599 KES/GBP=132.98 KES/ZAR=11.0042 KES/AUD=87.7198 KES/EUR=111.255 KES/USD=83.2028 ','send')
2012-03-27 15:26:55 - workspace/forex_project/genAlerts.php - Successfully inserted alerts template for sending: insert into outbound(destAddr,sourceAddr,messageType,messageContent,status)  
		values('+254738530962',default,default,'KES/CHF=92.0295 KES/CAD=83.9534 KES/NZD=68.6759 KES/JPY=1.00599 KES/GBP=132.98 KES/ZAR=11.0042 KES/AUD=87.7198 KES/EUR=111.255 KES/USD=83.2028 ','send')
2012-03-27 15:26:55 - workspace/forex_project/genAlerts.php - Successfully inserted alerts template for sending: insert into outbound(destAddr,sourceAddr,messageType,messageContent,status)  
		values('+254738530962',default,default,'KES/CHF=92.0295 KES/CAD=83.9534 KES/NZD=68.6759 KES/JPY=1.00599 KES/GBP=132.98 KES/ZAR=11.0042 KES/AUD=87.7198 KES/EUR=111.255 KES/USD=83.2028 ','send')
2012-03-27 15:26:55 - workspace/forex_project/genAlerts.php - Successfully inserted alerts template for sending: insert into outbound(destAddr,sourceAddr,messageType,messageContent,status)  
		values('+254738530962',default,default,'KES/CHF=92.0295 KES/CAD=83.9534 KES/NZD=68.6759 KES/JPY=1.00599 KES/GBP=132.98 KES/ZAR=11.0042 KES/AUD=87.7198 KES/EUR=111.255 KES/USD=83.2028 ','send')
2012-03-27 15:26:55 - workspace/forex_project/genAlerts.php - Successfully inserted alerts template for sending: insert into outbound(destAddr,sourceAddr,messageType,messageContent,status)  
		values('+254738530962',default,default,'KES/CHF=92.0295 KES/CAD=83.9534 KES/NZD=68.6759 KES/JPY=1.00599 KES/GBP=132.98 KES/ZAR=11.0042 KES/AUD=87.7198 KES/EUR=111.255 KES/USD=83.2028 ','send')
2012-03-27 15:26:55 - workspace/forex_project/genAlerts.php - Successfully inserted alerts template for sending: insert into outbound(destAddr,sourceAddr,messageType,messageContent,status)  
		values('+254738530962',default,default,'KES/CHF=92.0295 KES/CAD=83.9534 KES/NZD=68.6759 KES/JPY=1.00599 KES/GBP=132.98 KES/ZAR=11.0042 KES/AUD=87.7198 KES/EUR=111.255 KES/USD=83.2028 ','send')
2012-03-27 15:26:55 - workspace/forex_project/genAlerts.php - Successfully inserted alerts template for sending: insert into outbound(destAddr,sourceAddr,messageType,messageContent,status)  
		values('+254738530962',default,default,'KES/CHF=92.0295 KES/CAD=83.9534 KES/NZD=68.6759 KES/JPY=1.00599 KES/GBP=132.98 KES/ZAR=11.0042 KES/AUD=87.7198 KES/EUR=111.255 KES/USD=83.2028 ','send')
2012-03-27 15:26:55 - workspace/forex_project/genAlerts.php - Successfully inserted alerts template for sending: insert into outbound(destAddr,sourceAddr,messageType,messageContent,status)  
		values('+254738530962',default,default,'KES/CHF=92.0295 KES/CAD=83.9534 KES/NZD=68.6759 KES/JPY=1.00599 KES/GBP=132.98 KES/ZAR=11.0042 KES/AUD=87.7198 KES/EUR=111.255 KES/USD=83.2028 ','send')
2012-03-27 15:26:55 - workspace/forex_project/genAlerts.php - Successfully inserted alerts template for sending: insert into outbound(destAddr,sourceAddr,messageType,messageContent,status)  
		values('254738530962',default,default,'KES/CHF=92.0295 KES/CAD=83.9534 KES/NZD=68.6759 KES/JPY=1.00599 KES/GBP=132.98 KES/ZAR=11.0042 KES/AUD=87.7198 KES/EUR=111.255 KES/USD=83.2028 ','send')
2012-03-27 15:26:55 - workspace/forex_project/genAlerts.php - Successfully inserted alerts template for sending: insert into outbound(destAddr,sourceAddr,messageType,messageContent,status)  
		values('+254738530962',default,default,'KES/CHF=92.0295 KES/CAD=83.9534 KES/NZD=68.6759 KES/JPY=1.00599 KES/GBP=132.98 KES/ZAR=11.0042 KES/AUD=87.7198 KES/EUR=111.255 KES/USD=83.2028 ','send')
2012-03-27 15:26:55 - workspace/forex_project/genAlerts.php - Successfully inserted alerts template for sending: insert into outbound(destAddr,sourceAddr,messageType,messageContent,status)  
		values('+254738530962',default,default,'KES/CHF=92.0295 KES/CAD=83.9534 KES/NZD=68.6759 KES/JPY=1.00599 KES/GBP=132.98 KES/ZAR=11.0042 KES/AUD=87.7198 KES/EUR=111.255 KES/USD=83.2028 ','send')
2012-03-27 15:26:55 - workspace/forex_project/genAlerts.php - Successfully inserted alerts template for sending: insert into outbound(destAddr,sourceAddr,messageType,messageContent,status)  
		values('+254738530962',default,default,'KES/CHF=92.0295 KES/CAD=83.9534 KES/NZD=68.6759 KES/JPY=1.00599 KES/GBP=132.98 KES/ZAR=11.0042 KES/AUD=87.7198 KES/EUR=111.255 KES/USD=83.2028 ','send')
2012-03-27 15:26:56 - workspace/forex_project/genAlerts.php - Successfully inserted alerts template for sending: insert into outbound(destAddr,sourceAddr,messageType,messageContent,status)  
		values('+254738530962',default,default,'KES/CHF=92.0295 KES/CAD=83.9534 KES/NZD=68.6759 KES/JPY=1.00599 KES/GBP=132.98 KES/ZAR=11.0042 KES/AUD=87.7198 KES/EUR=111.255 KES/USD=83.2028 ','send')
2012-03-27 15:26:56 - workspace/forex_project/genAlerts.php - Successfully inserted alerts template for sending: insert into outbound(destAddr,sourceAddr,messageType,messageContent,status)  
		values('254738530962',default,default,'KES/CHF=92.0295 KES/CAD=83.9534 KES/NZD=68.6759 KES/JPY=1.00599 KES/GBP=132.98 KES/ZAR=11.0042 KES/AUD=87.7198 KES/EUR=111.255 KES/USD=83.2028 ','send')
2012-03-27 15:26:56 - workspace/forex_project/genAlerts.php - Successfully inserted alerts template for sending: insert into outbound(destAddr,sourceAddr,messageType,messageContent,status)  
		values('+254738530962',default,default,'KES/CHF=92.0295 KES/CAD=83.9534 KES/NZD=68.6759 KES/JPY=1.00599 KES/GBP=132.98 KES/ZAR=11.0042 KES/AUD=87.7198 KES/EUR=111.255 KES/USD=83.2028 ','send')
2012-03-27 15:26:56 - workspace/forex_project/genAlerts.php - Successfully inserted alerts template for sending: insert into outbound(destAddr,sourceAddr,messageType,messageContent,status)  
		values('+254738530962',default,default,'KES/CHF=92.0295 KES/CAD=83.9534 KES/NZD=68.6759 KES/JPY=1.00599 KES/GBP=132.98 KES/ZAR=11.0042 KES/AUD=87.7198 KES/EUR=111.255 KES/USD=83.2028 ','send')
2012-03-27 15:26:56 - workspace/forex_project/genAlerts.php - Successfully inserted alerts template for sending: insert into outbound(destAddr,sourceAddr,messageType,messageContent,status)  
		values('+254738530962',default,default,'KES/CHF=92.0295 KES/CAD=83.9534 KES/NZD=68.6759 KES/JPY=1.00599 KES/GBP=132.98 KES/ZAR=11.0042 KES/AUD=87.7198 KES/EUR=111.255 KES/USD=83.2028 ','send')
2012-03-27 15:26:56 - workspace/forex_project/genAlerts.php - Successfully inserted alerts template for sending: insert into outbound(destAddr,sourceAddr,messageType,messageContent,status)  
		values('+254738530962',default,default,'KES/CHF=92.0295 KES/CAD=83.9534 KES/NZD=68.6759 KES/JPY=1.00599 KES/GBP=132.98 KES/ZAR=11.0042 KES/AUD=87.7198 KES/EUR=111.255 KES/USD=83.2028 ','send')
2012-03-27 15:26:56 - workspace/forex_project/genAlerts.php - Successfully inserted alerts template for sending: insert into outbound(destAddr,sourceAddr,messageType,messageContent,status)  
		values('+254738530962',default,default,'KES/CHF=92.0295 KES/CAD=83.9534 KES/NZD=68.6759 KES/JPY=1.00599 KES/GBP=132.98 KES/ZAR=11.0042 KES/AUD=87.7198 KES/EUR=111.255 KES/USD=83.2028 ','send')
2012-03-27 15:26:56 - workspace/forex_project/genAlerts.php - Successfully updated alerts template for sending: update alerts set messageStatus = 'sent' where alertID = '19'
2012-03-27 15:26:56 - workspace/forex_project/genAlerts.php - Successfully updated alerts template for sending: update alerts set messageStatus = 'sent' where alertID = '19'
2012-03-27 15:26:56 - workspace/forex_project/genAlerts.php - Successfully updated alerts template for sending: update alerts set messageStatus = 'sent' where alertID = '19'
2012-03-27 15:26:56 - workspace/forex_project/genAlerts.php - Successfully updated alerts template for sending: update alerts set messageStatus = 'sent' where alertID = '19'
2012-03-27 15:26:56 - workspace/forex_project/genAlerts.php - Successfully updated alerts template for sending: update alerts set messageStatus = 'sent' where alertID = '19'
2012-03-27 15:26:56 - workspace/forex_project/genAlerts.php - Successfully updated alerts template for sending: update alerts set messageStatus = 'sent' where alertID = '19'
2012-03-27 15:26:56 - workspace/forex_project/genAlerts.php - Successfully updated alerts template for sending: update alerts set messageStatus = 'sent' where alertID = '19'
2012-03-27 15:26:56 - workspace/forex_project/genAlerts.php - Successfully updated alerts template for sending: update alerts set messageStatus = 'sent' where alertID = '19'
2012-03-27 15:26:56 - workspace/forex_project/genAlerts.php - Successfully updated alerts template for sending: update alerts set messageStatus = 'sent' where alertID = '19'
2012-03-27 15:26:56 - workspace/forex_project/genAlerts.php - Successfully updated alerts template for sending: update alerts set messageStatus = 'sent' where alertID = '19'
2012-03-27 15:26:56 - workspace/forex_project/genAlerts.php - Successfully updated alerts template for sending: update alerts set messageStatus = 'sent' where alertID = '20'
2012-03-27 15:26:56 - workspace/forex_project/genAlerts.php - Successfully updated alerts template for sending: update alerts set messageStatus = 'sent' where alertID = '20'
2012-03-27 15:26:56 - workspace/forex_project/genAlerts.php - Successfully updated alerts template for sending: update alerts set messageStatus = 'sent' where alertID = '20'
2012-03-27 15:26:56 - workspace/forex_project/genAlerts.php - Successfully updated alerts template for sending: update alerts set messageStatus = 'sent' where alertID = '20'
2012-03-27 15:26:56 - workspace/forex_project/genAlerts.php - Successfully updated alerts template for sending: update alerts set messageStatus = 'sent' where alertID = '20'
2012-03-27 15:26:56 - workspace/forex_project/genAlerts.php - Successfully updated alerts template for sending: update alerts set messageStatus = 'sent' where alertID = '20'
2012-03-27 15:26:56 - workspace/forex_project/genAlerts.php - Successfully updated alerts template for sending: update alerts set messageStatus = 'sent' where alertID = '20'
2012-03-27 15:26:56 - workspace/forex_project/genAlerts.php - Successfully updated alerts template for sending: update alerts set messageStatus = 'sent' where alertID = '20'
2012-03-27 15:26:56 - workspace/forex_project/genAlerts.php - Successfully updated alerts template for sending: update alerts set messageStatus = 'sent' where alertID = '20'
2012-03-27 15:26:56 - workspace/forex_project/genAlerts.php - Successfully updated alerts template for sending: update alerts set messageStatus = 'sent' where alertID = '20'
2012-03-27 15:26:56 - workspace/forex_project/genAlerts.php - Successfully updated alerts template for sending: update alerts set messageStatus = 'sent' where alertID = '21'
2012-03-27 15:26:56 - workspace/forex_project/genAlerts.php - Successfully updated alerts template for sending: update alerts set messageStatus = 'sent' where alertID = '21'
2012-03-27 15:26:56 - workspace/forex_project/genAlerts.php - Successfully updated alerts template for sending: update alerts set messageStatus = 'sent' where alertID = '21'
2012-03-27 15:26:56 - workspace/forex_project/genAlerts.php - Successfully updated alerts template for sending: update alerts set messageStatus = 'sent' where alertID = '21'
2012-03-27 15:26:56 - workspace/forex_project/genAlerts.php - Successfully updated alerts template for sending: update alerts set messageStatus = 'sent' where alertID = '21'
2012-03-27 15:26:56 - workspace/forex_project/genAlerts.php - Successfully updated alerts template for sending: update alerts set messageStatus = 'sent' where alertID = '21'
2012-03-27 15:26:56 - workspace/forex_project/genAlerts.php - Successfully updated alerts template for sending: update alerts set messageStatus = 'sent' where alertID = '21'
2012-03-27 15:26:56 - workspace/forex_project/genAlerts.php - Successfully updated alerts template for sending: update alerts set messageStatus = 'sent' where alertID = '21'
2012-03-27 15:26:56 - workspace/forex_project/genAlerts.php - Successfully updated alerts template for sending: update alerts set messageStatus = 'sent' where alertID = '21'
2012-03-27 15:26:56 - workspace/forex_project/genAlerts.php - Successfully updated alerts template for sending: update alerts set messageStatus = 'sent' where alertID = '21'
2012-03-27 15:26:56 - workspace/forex_project/genAlerts.php - Successfully updated alerts template for sending: update alerts set messageStatus = 'sent' where alertID = '22'
2012-03-27 15:26:56 - workspace/forex_project/genAlerts.php - Successfully updated alerts template for sending: update alerts set messageStatus = 'sent' where alertID = '22'
2012-03-27 15:26:56 - workspace/forex_project/genAlerts.php - Successfully updated alerts template for sending: update alerts set messageStatus = 'sent' where alertID = '22'
2012-03-27 15:26:56 - workspace/forex_project/genAlerts.php - Successfully updated alerts template for sending: update alerts set messageStatus = 'sent' where alertID = '22'
2012-03-27 15:26:56 - workspace/forex_project/genAlerts.php - Successfully updated alerts template for sending: update alerts set messageStatus = 'sent' where alertID = '22'
2012-03-27 15:26:56 - workspace/forex_project/genAlerts.php - Successfully updated alerts template for sending: update alerts set messageStatus = 'sent' where alertID = '22'
2012-03-27 15:26:56 - workspace/forex_project/genAlerts.php - Successfully updated alerts template for sending: update alerts set messageStatus = 'sent' where alertID = '22'
2012-03-27 15:26:56 - workspace/forex_project/genAlerts.php - Successfully updated alerts template for sending: update alerts set messageStatus = 'sent' where alertID = '22'
2012-03-27 15:26:56 - workspace/forex_project/genAlerts.php - Successfully updated alerts template for sending: update alerts set messageStatus = 'sent' where alertID = '22'
2012-03-27 15:26:56 - workspace/forex_project/genAlerts.php - Successfully updated alerts template for sending: update alerts set messageStatus = 'sent' where alertID = '22'
2012-03-27 15:26:56 - workspace/forex_project/genAlerts.php - Successfully updated alerts template for sending: update alerts set messageStatus = 'sent' where alertID = '23'
2012-03-27 15:26:56 - workspace/forex_project/genAlerts.php - Successfully updated alerts template for sending: update alerts set messageStatus = 'sent' where alertID = '23'
2012-03-27 15:26:56 - workspace/forex_project/genAlerts.php - Successfully updated alerts template for sending: update alerts set messageStatus = 'sent' where alertID = '23'
2012-03-27 15:26:56 - workspace/forex_project/genAlerts.php - Successfully updated alerts template for sending: update alerts set messageStatus = 'sent' where alertID = '23'
2012-03-27 15:26:56 - workspace/forex_project/genAlerts.php - Successfully updated alerts template for sending: update alerts set messageStatus = 'sent' where alertID = '23'
2012-03-27 15:26:56 - workspace/forex_project/genAlerts.php - Successfully updated alerts template for sending: update alerts set messageStatus = 'sent' where alertID = '23'
2012-03-27 15:26:56 - workspace/forex_project/genAlerts.php - Successfully updated alerts template for sending: update alerts set messageStatus = 'sent' where alertID = '23'
2012-03-27 15:26:56 - workspace/forex_project/genAlerts.php - Successfully updated alerts template for sending: update alerts set messageStatus = 'sent' where alertID = '23'
2012-03-27 15:26:56 - workspace/forex_project/genAlerts.php - Successfully updated alerts template for sending: update alerts set messageStatus = 'sent' where alertID = '23'
2012-03-27 15:26:56 - workspace/forex_project/genAlerts.php - Successfully updated alerts template for sending: update alerts set messageStatus = 'sent' where alertID = '23'
2012-03-27 15:26:56 - workspace/forex_project/genAlerts.php - Successfully updated alerts template for sending: update alerts set messageStatus = 'sent' where alertID = '24'
2012-03-27 15:26:56 - workspace/forex_project/genAlerts.php - Successfully updated alerts template for sending: update alerts set messageStatus = 'sent' where alertID = '24'
2012-03-27 15:26:56 - workspace/forex_project/genAlerts.php - Successfully updated alerts template for sending: update alerts set messageStatus = 'sent' where alertID = '24'
2012-03-27 15:26:56 - workspace/forex_project/genAlerts.php - Successfully updated alerts template for sending: update alerts set messageStatus = 'sent' where alertID = '24'
2012-03-27 15:26:56 - workspace/forex_project/genAlerts.php - Successfully updated alerts template for sending: update alerts set messageStatus = 'sent' where alertID = '24'
2012-03-27 15:26:56 - workspace/forex_project/genAlerts.php - Successfully updated alerts template for sending: update alerts set messageStatus = 'sent' where alertID = '24'
2012-03-27 15:26:56 - workspace/forex_project/genAlerts.php - Successfully updated alerts template for sending: update alerts set messageStatus = 'sent' where alertID = '24'
2012-03-27 15:26:56 - workspace/forex_project/genAlerts.php - Successfully updated alerts template for sending: update alerts set messageStatus = 'sent' where alertID = '24'
2012-03-27 15:26:56 - workspace/forex_project/genAlerts.php - Successfully updated alerts template for sending: update alerts set messageStatus = 'sent' where alertID = '24'
2012-03-27 15:26:56 - workspace/forex_project/genAlerts.php - Successfully updated alerts template for sending: update alerts set messageStatus = 'sent' where alertID = '24'
2012-03-27 15:38:57 - workspace/forex_project/genAlerts.php - Successfully fetched registered currency alerts: select serviceName,services.currencyID,currencies.fullName,currencies.abbreviation from services inner join currencies on currencies.currencyID=services.currencyID
2012-03-27 15:38:57 - workspace/forex_project/genAlerts.php - Successfully fetched market rates for KES: select currencyID,market,rate,dateCreated from Rates where market in ('KES/USD','KES/AUD','KES/CAD','KES/CHF','KES/EUR','KES/GBP','KES/JPY','KES/NZD','KES/ZAR') and date(dateCreated)=curdate() and substr(timediff(time(now()),time(dateCreated)),1,2) < '02' order by dateCreated desc
2012-03-27 15:38:57 - workspace/forex_project/genAlerts.php - 
About to perform bulk insert into outbound... 0Records 

2012-03-27 16:08:38 - workspace/forex_project/genAlerts.php - Successfully fetched registered currency alerts: select serviceName,services.currencyID,currencies.fullName,currencies.abbreviation from services inner join currencies on currencies.currencyID=services.currencyID
2012-03-27 16:08:38 - workspace/forex_project/genAlerts.php - Successfully fetched market rates for KES: select currencyID,market,rate,dateCreated from Rates where market in ('KES/USD','KES/AUD','KES/CAD','KES/CHF','KES/EUR','KES/GBP','KES/JPY','KES/NZD','KES/ZAR') and date(dateCreated)=curdate() and substr(timediff(time(now()),time(dateCreated)),1,2) < '02' order by dateCreated desc
2012-03-27 16:08:38 - workspace/forex_project/genAlerts.php - Successfully created a new alert template: insert into alerts(channelID,sourceAddr,messageContent,messageStatus) values(1,default,'KES/CHF=92.0173 KES/CAD=83.8576 KES/NZD=68.4353 KES/JPY=1.00136 KES/GBP=132.751 KES/ZAR=10.9777 KES/AUD=87.4128 KES/EUR=111.255 KES/USD=83.2159 ','send')
2012-03-27 16:08:38 - workspace/forex_project/genAlerts.php - 
About to perform bulk insert into outbound... 10 Records
2012-03-27 16:08:38 - workspace/forex_project/genAlerts.php - Successfully inserted alerts template for sending: insert into outbound(destAddr,sourceAddr,messageType,messageContent,status) values('+254738530962',default,default,'KES/CHF=92.0173 KES/CAD=83.8576 KES/NZD=68.4353 KES/JPY=1.00136 KES/GBP=132.751 KES/ZAR=10.9777 KES/AUD=87.4128 KES/EUR=111.255 KES/USD=83.2159 ','send')
2012-03-27 16:08:38 - workspace/forex_project/genAlerts.php - Successfully inserted alerts template for sending: insert into outbound(destAddr,sourceAddr,messageType,messageContent,status) values('+254738530962',default,default,'KES/CHF=92.0173 KES/CAD=83.8576 KES/NZD=68.4353 KES/JPY=1.00136 KES/GBP=132.751 KES/ZAR=10.9777 KES/AUD=87.4128 KES/EUR=111.255 KES/USD=83.2159 ','send')
2012-03-27 16:08:38 - workspace/forex_project/genAlerts.php - Successfully inserted alerts template for sending: insert into outbound(destAddr,sourceAddr,messageType,messageContent,status) values('254738530962',default,default,'KES/CHF=92.0173 KES/CAD=83.8576 KES/NZD=68.4353 KES/JPY=1.00136 KES/GBP=132.751 KES/ZAR=10.9777 KES/AUD=87.4128 KES/EUR=111.255 KES/USD=83.2159 ','send')
2012-03-27 16:08:38 - workspace/forex_project/genAlerts.php - Successfully inserted alerts template for sending: insert into outbound(destAddr,sourceAddr,messageType,messageContent,status) values('+254738530962',default,default,'KES/CHF=92.0173 KES/CAD=83.8576 KES/NZD=68.4353 KES/JPY=1.00136 KES/GBP=132.751 KES/ZAR=10.9777 KES/AUD=87.4128 KES/EUR=111.255 KES/USD=83.2159 ','send')
2012-03-27 16:08:38 - workspace/forex_project/genAlerts.php - Successfully inserted alerts template for sending: insert into outbound(destAddr,sourceAddr,messageType,messageContent,status) values('+254738530962',default,default,'KES/CHF=92.0173 KES/CAD=83.8576 KES/NZD=68.4353 KES/JPY=1.00136 KES/GBP=132.751 KES/ZAR=10.9777 KES/AUD=87.4128 KES/EUR=111.255 KES/USD=83.2159 ','send')
2012-03-27 16:08:38 - workspace/forex_project/genAlerts.php - Successfully inserted alerts template for sending: insert into outbound(destAddr,sourceAddr,messageType,messageContent,status) values('+254738530962',default,default,'KES/CHF=92.0173 KES/CAD=83.8576 KES/NZD=68.4353 KES/JPY=1.00136 KES/GBP=132.751 KES/ZAR=10.9777 KES/AUD=87.4128 KES/EUR=111.255 KES/USD=83.2159 ','send')
2012-03-27 16:08:39 - workspace/forex_project/genAlerts.php - Successfully inserted alerts template for sending: insert into outbound(destAddr,sourceAddr,messageType,messageContent,status) values('+254738530962',default,default,'KES/CHF=92.0173 KES/CAD=83.8576 KES/NZD=68.4353 KES/JPY=1.00136 KES/GBP=132.751 KES/ZAR=10.9777 KES/AUD=87.4128 KES/EUR=111.255 KES/USD=83.2159 ','send')
2012-03-27 16:08:39 - workspace/forex_project/genAlerts.php - Successfully inserted alerts template for sending: insert into outbound(destAddr,sourceAddr,messageType,messageContent,status) values('+254738530962',default,default,'KES/CHF=92.0173 KES/CAD=83.8576 KES/NZD=68.4353 KES/JPY=1.00136 KES/GBP=132.751 KES/ZAR=10.9777 KES/AUD=87.4128 KES/EUR=111.255 KES/USD=83.2159 ','send')
2012-03-27 16:08:39 - workspace/forex_project/genAlerts.php - Successfully inserted alerts template for sending: insert into outbound(destAddr,sourceAddr,messageType,messageContent,status) values('+254738530962',default,default,'KES/CHF=92.0173 KES/CAD=83.8576 KES/NZD=68.4353 KES/JPY=1.00136 KES/GBP=132.751 KES/ZAR=10.9777 KES/AUD=87.4128 KES/EUR=111.255 KES/USD=83.2159 ','send')
2012-03-27 16:08:39 - workspace/forex_project/genAlerts.php - Successfully inserted alerts template for sending: insert into outbound(destAddr,sourceAddr,messageType,messageContent,status) values('+254738530962',default,default,'KES/CHF=92.0173 KES/CAD=83.8576 KES/NZD=68.4353 KES/JPY=1.00136 KES/GBP=132.751 KES/ZAR=10.9777 KES/AUD=87.4128 KES/EUR=111.255 KES/USD=83.2159 ','send')
2012-03-27 16:08:39 - workspace/forex_project/genAlerts.php - Successfully updated alerts template for sending: update alerts set messageStatus = 'sent' where alertID = '25'
2012-03-27 16:08:39 - workspace/forex_project/genAlerts.php - Successfully updated alerts template for sending: update alerts set messageStatus = 'sent' where alertID = '25'
2012-03-27 16:08:39 - workspace/forex_project/genAlerts.php - Successfully updated alerts template for sending: update alerts set messageStatus = 'sent' where alertID = '25'
2012-03-27 16:08:39 - workspace/forex_project/genAlerts.php - Successfully updated alerts template for sending: update alerts set messageStatus = 'sent' where alertID = '25'
2012-03-27 16:08:39 - workspace/forex_project/genAlerts.php - Successfully updated alerts template for sending: update alerts set messageStatus = 'sent' where alertID = '25'
2012-03-27 16:08:39 - workspace/forex_project/genAlerts.php - Successfully updated alerts template for sending: update alerts set messageStatus = 'sent' where alertID = '25'
2012-03-27 16:08:39 - workspace/forex_project/genAlerts.php - Successfully updated alerts template for sending: update alerts set messageStatus = 'sent' where alertID = '25'
2012-03-27 16:08:39 - workspace/forex_project/genAlerts.php - Successfully updated alerts template for sending: update alerts set messageStatus = 'sent' where alertID = '25'
2012-03-27 16:08:39 - workspace/forex_project/genAlerts.php - Successfully updated alerts template for sending: update alerts set messageStatus = 'sent' where alertID = '25'
2012-03-27 16:08:39 - workspace/forex_project/genAlerts.php - Successfully updated alerts template for sending: update alerts set messageStatus = 'sent' where alertID = '25'
2012-03-27 16:31:41 - workspace/forex_project/genAlerts.php - Successfully fetched registered currency alerts: select serviceName,services.currencyID,currencies.fullName,currencies.abbreviation from services inner join currencies on currencies.currencyID=services.currencyID
2012-03-27 16:31:41 - workspace/forex_project/genAlerts.php - Successfully fetched market rates for KES: select currencyID,market,rate,dateCreated from Rates where market in ('KES/USD','KES/AUD','KES/CAD','KES/CHF','KES/EUR','KES/GBP','KES/JPY','KES/NZD','KES/ZAR') and date(dateCreated)=curdate() and substr(timediff(time(now()),time(dateCreated)),1,2) < '02' order by dateCreated desc
2012-03-27 16:31:41 - workspace/forex_project/genAlerts.php - Successfully created a new alert template: insert into alerts(channelID,sourceAddr,messageContent,messageStatus) values(1,default,'KES/CHF=92.0173 KES/CAD=83.8576 KES/NZD=68.4353 KES/JPY=1.00136 KES/GBP=132.751 KES/ZAR=10.9777 KES/AUD=87.4128 KES/EUR=111.255 KES/USD=83.2159 ','send')
2012-03-27 16:31:41 - workspace/forex_project/genAlerts.php - 
About to perform bulk insert into outbound... 0 Records
2012-03-27 16:35:05 - workspace/forex_project/genAlerts.php - Successfully fetched registered currency alerts: select serviceName,services.currencyID,currencies.fullName,currencies.abbreviation from services inner join currencies on currencies.currencyID=services.currencyID
2012-03-27 16:35:05 - workspace/forex_project/genAlerts.php - Successfully fetched market rates for KES: select currencyID,market,rate,dateCreated from Rates where market in ('KES/USD','KES/AUD','KES/CAD','KES/CHF','KES/EUR','KES/GBP','KES/JPY','KES/NZD','KES/ZAR') and date(dateCreated)=curdate() and substr(timediff(time(now()),time(dateCreated)),1,2) < '02' order by dateCreated desc
2012-03-27 16:35:05 - workspace/forex_project/genAlerts.php - Successfully created a new alert template: insert into alerts(channelID,sourceAddr,messageContent,messageStatus) values(1,default,'KES/CHF=92.0173 KES/CAD=83.8576 KES/NZD=68.4353 KES/JPY=1.00136 KES/GBP=132.751 KES/ZAR=10.9777 KES/AUD=87.4128 KES/EUR=111.255 KES/USD=83.2159 ','send')
2012-03-27 16:35:05 - workspace/forex_project/genAlerts.php - 
About to perform bulk insert into outbound... 3 Records
2012-03-27 16:35:05 - workspace/forex_project/genAlerts.php - Successfully inserted alerts template for sending: insert into outbound(destAddr,sourceAddr,messageType,messageContent,status) values('254706718938',default,default,'KES/CHF=92.0173 KES/CAD=83.8576 KES/NZD=68.4353 KES/JPY=1.00136 KES/GBP=132.751 KES/ZAR=10.9777 KES/AUD=87.4128 KES/EUR=111.255 KES/USD=83.2159 ','send')
2012-03-27 16:35:05 - workspace/forex_project/genAlerts.php - Successfully inserted alerts template for sending: insert into outbound(destAddr,sourceAddr,messageType,messageContent,status) values('254706718938',default,default,'KES/CHF=92.0173 KES/CAD=83.8576 KES/NZD=68.4353 KES/JPY=1.00136 KES/GBP=132.751 KES/ZAR=10.9777 KES/AUD=87.4128 KES/EUR=111.255 KES/USD=83.2159 ','send')
2012-03-27 16:35:05 - workspace/forex_project/genAlerts.php - Successfully inserted alerts template for sending: insert into outbound(destAddr,sourceAddr,messageType,messageContent,status) values('254706718938',default,default,'KES/CHF=92.0173 KES/CAD=83.8576 KES/NZD=68.4353 KES/JPY=1.00136 KES/GBP=132.751 KES/ZAR=10.9777 KES/AUD=87.4128 KES/EUR=111.255 KES/USD=83.2159 ','send')
2012-03-27 16:35:05 - workspace/forex_project/genAlerts.php - Successfully updated alerts template for sending: update alerts set messageStatus = 'sent' where alertID = '26'
2012-03-27 16:35:05 - workspace/forex_project/genAlerts.php - Successfully updated alerts template for sending: update alerts set messageStatus = 'sent' where alertID = '27'
2012-03-27 16:35:05 - workspace/forex_project/genAlerts.php - Successfully updated alerts template for sending: update alerts set messageStatus = 'sent' where alertID = '28'
2012-03-27 17:18:09 - workspace/forex_project/genAlerts.php - Successfully fetched registered currency alerts: select serviceName,services.currencyID,currencies.fullName,currencies.abbreviation from services inner join currencies on currencies.currencyID=services.currencyID
2012-03-27 17:18:09 - workspace/forex_project/genAlerts.php - Successfully fetched market rates for KES: select currencyID,market,rate,dateCreated from Rates where market in ('KES/USD','KES/AUD','KES/CAD','KES/CHF','KES/EUR','KES/GBP','KES/JPY','KES/NZD','KES/ZAR') and date(dateCreated)=curdate() and substr(timediff(time(now()),time(dateCreated)),1,2) < '02' order by dateCreated desc
2012-03-27 17:18:09 - workspace/forex_project/genAlerts.php - Successfully created a new alert template: insert into alerts(channelID,sourceAddr,messageContent,messageStatus) values(1,default,'KES/CHF=92.0173 KES/CAD=83.8576 KES/NZD=68.4353 KES/JPY=1.00136 KES/GBP=132.751 KES/ZAR=10.9777 KES/AUD=87.4128 KES/EUR=111.255 KES/USD=83.2159 ','send')
2012-03-27 17:18:09 - workspace/forex_project/genAlerts.php - 
About to perform bulk insert into outbound... 2 Records
2012-03-27 17:18:10 - workspace/forex_project/genAlerts.php - Successfully inserted alerts template for sending: insert into outbound(destAddr,sourceAddr,messageType,messageContent,status) values('+254729040397',default,default,'KES/CHF=92.0173 KES/CAD=83.8576 KES/NZD=68.4353 KES/JPY=1.00136 KES/GBP=132.751 KES/ZAR=10.9777 KES/AUD=87.4128 KES/EUR=111.255 KES/USD=83.2159 ','send')
2012-03-27 17:18:10 - workspace/forex_project/genAlerts.php - Successfully inserted alerts template for sending: insert into outbound(destAddr,sourceAddr,messageType,messageContent,status) values('254706718938',default,default,'KES/CHF=92.0173 KES/CAD=83.8576 KES/NZD=68.4353 KES/JPY=1.00136 KES/GBP=132.751 KES/ZAR=10.9777 KES/AUD=87.4128 KES/EUR=111.255 KES/USD=83.2159 ','send')
2012-03-27 17:18:10 - workspace/forex_project/genAlerts.php - Successfully updated alerts template for sending: update alerts set messageStatus = 'sent' where alertID = '29'
2012-03-27 17:18:10 - workspace/forex_project/genAlerts.php - Successfully updated alerts template for sending: update alerts set messageStatus = 'sent' where alertID = '29'
2012-03-27 18:58:46 - workspace/forex_project/genAlerts.php - Successfully fetched registered currency alerts: select serviceName,services.currencyID,currencies.fullName,currencies.abbreviation from services inner join currencies on currencies.currencyID=services.currencyID
2012-03-27 18:58:46 - workspace/forex_project/genAlerts.php - Successfully fetched market rates for KES: select currencyID,market,rate,dateCreated from Rates where market in ('KES/USD','KES/AUD','KES/CAD','KES/CHF','KES/EUR','KES/GBP','KES/JPY','KES/NZD','KES/ZAR') and date(dateCreated)=curdate() and substr(timediff(time(now()),time(dateCreated)),1,2) < '02' order by dateCreated desc
2012-03-27 18:58:46 - workspace/forex_project/genAlerts.php - 
About to perform bulk insert into outbound... 0 Records
2012-03-27 19:01:45 - workspace/forex_project/genAlerts.php - Successfully fetched registered currency alerts: select serviceName,services.currencyID,currencies.fullName,currencies.abbreviation from services inner join currencies on currencies.currencyID=services.currencyID
2012-03-27 19:01:46 - workspace/forex_project/genAlerts.php - Successfully fetched market rates for KES: select currencyID,market,rate,dateCreated from Rates where market in ('KES/USD','KES/AUD','KES/CAD','KES/CHF','KES/EUR','KES/GBP','KES/JPY','KES/NZD','KES/ZAR') and date(dateCreated)=curdate() and substr(timediff(time(now()),time(dateCreated)),1,2) < '02' order by dateCreated desc
2012-03-27 19:01:46 - workspace/forex_project/genAlerts.php - Successfully created a new alert template: insert into alerts(channelID,sourceAddr,messageContent,messageStatus) values(1,default,'KES/CHF=91.7007 KES/CAD=83.5041 KES/NZD=68.1031 KES/JPY=0.99711 KES/GBP=132.388 KES/ZAR=10.9095 KES/AUD=86.8987 KES/EUR=110.962 KES/USD=83.149 ','send')
2012-03-27 19:01:46 - workspace/forex_project/genAlerts.php - 
About to perform bulk insert into outbound... 3 Records
2012-03-27 19:01:46 - workspace/forex_project/genAlerts.php - Successfully inserted alerts template for sending: insert into outbound(destAddr,sourceAddr,messageType,messageContent,status) values('+254729040397',default,default,'KES/CHF=91.7007 KES/CAD=83.5041 KES/NZD=68.1031 KES/JPY=0.99711 KES/GBP=132.388 KES/ZAR=10.9095 KES/AUD=86.8987 KES/EUR=110.962 KES/USD=83.149 ','send')
2012-03-27 19:01:46 - workspace/forex_project/genAlerts.php - Successfully inserted alerts template for sending: insert into outbound(destAddr,sourceAddr,messageType,messageContent,status) values('254706718938',default,default,'KES/CHF=91.7007 KES/CAD=83.5041 KES/NZD=68.1031 KES/JPY=0.99711 KES/GBP=132.388 KES/ZAR=10.9095 KES/AUD=86.8987 KES/EUR=110.962 KES/USD=83.149 ','send')
2012-03-27 19:01:46 - workspace/forex_project/genAlerts.php - Successfully inserted alerts template for sending: insert into outbound(destAddr,sourceAddr,messageType,messageContent,status) values('+254729040397',default,default,'KES/CHF=91.7007 KES/CAD=83.5041 KES/NZD=68.1031 KES/JPY=0.99711 KES/GBP=132.388 KES/ZAR=10.9095 KES/AUD=86.8987 KES/EUR=110.962 KES/USD=83.149 ','send')
2012-03-27 19:01:46 - workspace/forex_project/genAlerts.php - Successfully updated alerts template for sending: update alerts set messageStatus = 'sent' where alertID = '30'
2012-03-27 19:01:46 - workspace/forex_project/genAlerts.php - Successfully updated alerts template for sending: update alerts set messageStatus = 'sent' where alertID = '30'
2012-03-27 19:01:46 - workspace/forex_project/genAlerts.php - Successfully updated alerts template for sending: update alerts set messageStatus = 'sent' where alertID = '30'
2012-03-31 19:55:06 - genAlerts.php - Successfully fetched registered currency alerts: select serviceName,services.currencyID,currencies.fullName,currencies.abbreviation from services inner join currencies on currencies.currencyID=services.currencyID
2012-03-31 19:55:06 - genAlerts.php - Successfully fetched market rates for KES: select currencyID,market,rate,dateCreated from Rates where market in ('KES/USD','KES/AUD','KES/CAD','KES/CHF','KES/EUR','KES/GBP','KES/JPY','KES/NZD','KES/ZAR') and date(dateCreated)=curdate() and substr(timediff(time(now()),time(dateCreated)),1,2) < '02' order by dateCreated desc
2012-03-31 19:55:06 - genAlerts.php - 
About to perform bulk insert into outbound... 0 Records
2012-04-02 15:34:00 - genAlerts.php - Successfully fetched registered currency alerts: select serviceName,services.currencyID,currencies.fullName,currencies.abbreviation from services inner join currencies on currencies.currencyID=services.currencyID
2012-04-02 15:34:00 - genAlerts.php - Successfully fetched market rates for KES: select currencyID,market,rate,dateCreated from Rates where market in ('KES/USD','KES/AUD','KES/CAD','KES/CHF','KES/EUR','KES/GBP','KES/JPY','KES/NZD','KES/ZAR') and date(dateCreated)=curdate() and substr(timediff(time(now()),time(dateCreated)),1,2) < '02' order by dateCreated desc
2012-04-02 15:34:00 - genAlerts.php - Successfully created a new alert template: insert into alerts(channelID,sourceAddr,messageContent,messageStatus) values(1,default,'KES/CHF=91.9336 KES/CAD=83.1373 KES/NZD=68.0879 KES/JPY=1.00362 KES/GBP=133.05 KES/ZAR=10.8492 KES/AUD=86.2263 KES/EUR=110.697 KES/USD=82.9628 ','send')
2012-04-02 15:34:00 - genAlerts.php - 
About to perform bulk insert into outbound... 2 Records
2012-04-02 15:34:01 - genAlerts.php - Successfully inserted alerts template for sending: insert into outbound(destAddr,sourceAddr,messageType,messageContent,status) values('254706718938',default,default,'KES/CHF=91.9336 KES/CAD=83.1373 KES/NZD=68.0879 KES/JPY=1.00362 KES/GBP=133.05 KES/ZAR=10.8492 KES/AUD=86.2263 KES/EUR=110.697 KES/USD=82.9628 ','send')
2012-04-02 15:34:01 - genAlerts.php - Successfully inserted alerts template for sending: insert into outbound(destAddr,sourceAddr,messageType,messageContent,status) values('+254729040397',default,default,'KES/CHF=91.9336 KES/CAD=83.1373 KES/NZD=68.0879 KES/JPY=1.00362 KES/GBP=133.05 KES/ZAR=10.8492 KES/AUD=86.2263 KES/EUR=110.697 KES/USD=82.9628 ','send')
2012-04-02 15:34:01 - genAlerts.php - Successfully updated alerts template for sending: update alerts set messageStatus = 'sent' where alertID = '31'
2012-04-02 15:34:01 - genAlerts.php - Successfully updated alerts template for sending: update alerts set messageStatus = 'sent' where alertID = '31'
2012-04-03 17:37:46 - genAlerts.php - Successfully fetched registered currency alerts: select serviceName,services.currencyID,currencies.fullName,currencies.abbreviation from services inner join currencies on currencies.currencyID=services.currencyID
2012-04-03 17:37:47 - genAlerts.php - Successfully fetched market rates for KES: select currencyID,market,rate,dateCreated from Rates where market in ('KES/USD','KES/AUD','KES/CAD','KES/CHF','KES/EUR','KES/GBP','KES/JPY','KES/NZD','KES/ZAR') and date(dateCreated)=curdate() and substr(timediff(time(now()),time(dateCreated)),1,2) < '02' order by dateCreated desc
2012-04-03 17:37:47 - genAlerts.php - Successfully created a new alert template: insert into alerts(channelID,sourceAddr,messageContent,messageStatus) values(1,default,'KES/CHF=92.0364 KES/CAD=83.9707 KES/NZD=68.5517 KES/JPY=1.01114 KES/GBP=132.861 KES/ZAR=10.8242 KES/AUD=86.2998 KES/EUR=110.766 KES/USD=83.2075 ','send')
2012-04-03 17:37:47 - genAlerts.php - 
About to perform bulk insert into outbound... 2 Records
2012-04-03 17:37:47 - genAlerts.php - Successfully inserted alerts template for sending: insert into outbound(destAddr,sourceAddr,messageType,messageContent,status) values('254706718938',default,default,'KES/CHF=92.0364 KES/CAD=83.9707 KES/NZD=68.5517 KES/JPY=1.01114 KES/GBP=132.861 KES/ZAR=10.8242 KES/AUD=86.2998 KES/EUR=110.766 KES/USD=83.2075 ','send')
2012-04-03 17:37:47 - genAlerts.php - Successfully inserted alerts template for sending: insert into outbound(destAddr,sourceAddr,messageType,messageContent,status) values('+254729040397',default,default,'KES/CHF=92.0364 KES/CAD=83.9707 KES/NZD=68.5517 KES/JPY=1.01114 KES/GBP=132.861 KES/ZAR=10.8242 KES/AUD=86.2998 KES/EUR=110.766 KES/USD=83.2075 ','send')
2012-04-03 17:37:48 - genAlerts.php - Successfully updated alerts template for sending: update alerts set messageStatus = 'sent' where alertID = '32'
2012-04-03 17:37:48 - genAlerts.php - Successfully updated alerts template for sending: update alerts set messageStatus = 'sent' where alertID = '32'
2012-04-04 13:03:24 - genAlerts.php - Successfully fetched registered currency alerts: select serviceName,services.currencyID,currencies.fullName,currencies.abbreviation from services inner join currencies on currencies.currencyID=services.currencyID
2012-04-04 13:03:24 - genAlerts.php - Successfully fetched market rates for KES: select currencyID,market,rate,dateCreated from Rates where market in ('KES/USD','KES/AUD','KES/CAD','KES/CHF','KES/EUR','KES/GBP','KES/JPY','KES/NZD','KES/ZAR') and date(dateCreated)=curdate() and substr(timediff(time(now()),time(dateCreated)),1,2) < '02' order by dateCreated desc
2012-04-04 13:03:24 - genAlerts.php - Successfully created a new alert template: insert into alerts(channelID,sourceAddr,messageContent,messageStatus) values(1,default,'KES/CHF=91.0824 KES/CAD=83.8646 KES/NZD=67.8361 KES/JPY=1.00557 KES/GBP=132.255 KES/ZAR=10.7082 KES/AUD=85.3849 KES/EUR=109.745 KES/USD=83.2033 ','send')
2012-04-04 13:03:24 - genAlerts.php - 
About to perform bulk insert into outbound... 2 Records
2012-04-04 13:03:24 - genAlerts.php - Successfully inserted alerts template for sending: insert into outbound(destAddr,sourceAddr,messageType,messageContent,status) values('254706718938',default,default,'KES/CHF=91.0824 KES/CAD=83.8646 KES/NZD=67.8361 KES/JPY=1.00557 KES/GBP=132.255 KES/ZAR=10.7082 KES/AUD=85.3849 KES/EUR=109.745 KES/USD=83.2033 ','send')
2012-04-04 13:03:24 - genAlerts.php - Successfully inserted alerts template for sending: insert into outbound(destAddr,sourceAddr,messageType,messageContent,status) values('+254729040397',default,default,'KES/CHF=91.0824 KES/CAD=83.8646 KES/NZD=67.8361 KES/JPY=1.00557 KES/GBP=132.255 KES/ZAR=10.7082 KES/AUD=85.3849 KES/EUR=109.745 KES/USD=83.2033 ','send')
2012-04-04 13:03:24 - genAlerts.php - Successfully updated alerts template for sending: update alerts set messageStatus = 'sent' where alertID = '33'
2012-04-04 13:03:24 - genAlerts.php - Successfully updated alerts template for sending: update alerts set messageStatus = 'sent' where alertID = '33'
2012-04-04 16:40:44 - genAlerts.php - Successfully fetched registered currency alerts: select serviceName,services.currencyID,currencies.fullName,currencies.abbreviation from services inner join currencies on currencies.currencyID=services.currencyID
2012-04-04 16:40:44 - genAlerts.php - Successfully fetched market rates for KES: select currencyID,market,rate,dateCreated from Rates where market in ('KES/USD','KES/AUD','KES/CAD','KES/CHF','KES/EUR','KES/GBP','KES/JPY','KES/NZD','KES/ZAR') and date(dateCreated)=curdate() and substr(timediff(time(now()),time(dateCreated)),1,2) < '02' order by dateCreated desc
2012-04-04 16:40:44 - genAlerts.php - Successfully created a new alert template: insert into alerts(channelID,sourceAddr,messageContent,messageStatus) values(1,default,'KES/CHF=90.3307 KES/CAD=83.5002 KES/NZD=67.3688 KES/JPY=1.00534 KES/GBP=131.359 KES/ZAR=10.6043 KES/AUD=85.0583 KES/EUR=108.713 KES/USD=83.0994 ','send')
2012-04-04 16:40:44 - genAlerts.php - 
About to perform bulk insert into outbound... 2 Records
2012-04-04 16:40:44 - genAlerts.php - Successfully inserted alerts template for sending: insert into outbound(destAddr,sourceAddr,messageType,messageContent,status) values('+254729040397',default,default,'KES/CHF=90.3307 KES/CAD=83.5002 KES/NZD=67.3688 KES/JPY=1.00534 KES/GBP=131.359 KES/ZAR=10.6043 KES/AUD=85.0583 KES/EUR=108.713 KES/USD=83.0994 ','send')
2012-04-04 16:40:44 - genAlerts.php - Successfully inserted alerts template for sending: insert into outbound(destAddr,sourceAddr,messageType,messageContent,status) values('254706718938',default,default,'KES/CHF=90.3307 KES/CAD=83.5002 KES/NZD=67.3688 KES/JPY=1.00534 KES/GBP=131.359 KES/ZAR=10.6043 KES/AUD=85.0583 KES/EUR=108.713 KES/USD=83.0994 ','send')
2012-04-04 16:40:44 - genAlerts.php - Successfully updated alerts template for sending: update alerts set messageStatus = 'sent' where alertID = '34'
2012-04-04 16:40:44 - genAlerts.php - Successfully updated alerts template for sending: update alerts set messageStatus = 'sent' where alertID = '34'
2012-04-05 18:06:13 - genAlerts.php - Successfully fetched registered currency alerts: select serviceName,services.currencyID,currencies.fullName,currencies.abbreviation from services inner join currencies on currencies.currencyID=services.currencyID
2012-04-05 18:06:13 - genAlerts.php - Successfully fetched market rates for KES: select currencyID,market,rate,dateCreated from Rates where market in ('KES/USD','KES/AUD','KES/CAD','KES/CHF','KES/EUR','KES/GBP','KES/JPY','KES/NZD','KES/ZAR') and date(dateCreated)=curdate() and substr(timediff(time(now()),time(dateCreated)),1,2) < '02' order by dateCreated desc
2012-04-05 18:06:13 - genAlerts.php - Successfully created a new alert template: insert into alerts(channelID,sourceAddr,messageContent,messageStatus) values(1,default,'KES/ZAR=10.6188 KES/CHF=90.2762 KES/AUD=85.5098 KES/CAD=83.709 KES/EUR=109.131 KES/NZD=67.7057 KES/USD=82.9801 KES/JPY=1.00895 KES/GBP=131.279 KES/ZAR=10.5889 KES/CHF=90.0343 KES/AUD=85.3016 KES/CAD=83.5308 KES/EUR=109.131 KES/NZD=67.5313 KES/USD=82.9801 KES/JPY=1.00997 KES/GBP=131.279 KES/ZAR=10.5889 KES/CHF=90.0343 KES/AUD=85.3016 KES/CAD=83.5308 KES/EUR=109.131 KES/NZD=67.5313 KES/USD=82.9801 KES/JPY=1.00997 KES/GBP=131.279 KES/ZAR=10.5889 KES/CHF=90.0343 KES/AUD=85.3016 KES/CAD=83.5308 KES/EUR=109.131 KES/NZD=67.5313 KES/USD=82.9801 KES/JPY=1.00997 KES/GBP=131.279 KES/ZAR=10.5889 KES/CHF=90.0343 KES/AUD=85.3016 KES/CAD=83.5308 KES/EUR=109.131 KES/NZD=67.5313 KES/USD=82.9801 KES/JPY=1.00997 KES/GBP=131.279 KES/ZAR=10.5889 KES/CHF=90.0343 KES/AUD=85.3016 KES/CAD=83.5308 KES/EUR=109.131 KES/NZD=67.5313 KES/USD=82.9801 KES/JPY=1.00997 KES/GBP=131.279 KES/ZAR=10.5889 KES/CHF=90.0343 KES/AUD=85.3016 KES/CAD=83.5308 KES/EUR=109.131 KES/NZD=67.5313 KES/USD=82.9801 KES/JPY=1.00997 KES/GBP=131.279 KES/ZAR=10.5889 KES/CHF=90.0343 KES/AUD=85.3016 KES/CAD=83.5308 KES/EUR=109.131 KES/NZD=67.5313 KES/USD=82.9801 KES/JPY=1.00997 KES/GBP=131.279 KES/ZAR=10.5889 KES/CHF=90.0343 KES/AUD=85.3016 KES/CAD=83.5308 KES/EUR=109.131 KES/NZD=67.5313 KES/USD=82.9801 KES/JPY=1.00997 KES/GBP=131.279 KES/ZAR=10.5889 KES/CHF=90.0343 KES/AUD=85.3016 KES/CAD=83.5308 KES/EUR=109.131 KES/NZD=67.5313 KES/USD=82.9801 KES/JPY=1.00997 KES/GBP=131.279 KES/ZAR=10.5889 KES/CHF=90.0343 KES/AUD=85.3016 KES/CAD=83.5308 KES/EUR=109.131 KES/NZD=67.5313 KES/USD=82.9801 KES/JPY=1.00997 KES/GBP=131.279 KES/ZAR=10.5889 KES/CHF=90.0343 KES/AUD=85.3016 KES/CAD=83.5308 KES/EUR=109.131 KES/NZD=67.5313 KES/USD=82.9801 KES/JPY=1.00997 KES/GBP=131.279 KES/ZAR=10.5889 KES/CHF=90.0343 KES/AUD=85.3016 KES/CAD=83.5308 KES/EUR=109.131 KES/NZD=67.5313 KES/USD=82.9801 KES/JPY=1.00997 KES/GBP=131.279 KES/ZAR=10.5889 KES/CHF=90.0343 KES/AUD=85.3016 KES/CAD=83.5308 KES/EUR=109.131 KES/NZD=67.5313 KES/USD=82.9801 KES/JPY=1.00997 KES/GBP=131.279 KES/ZAR=10.5889 KES/CHF=90.0343 KES/AUD=85.3016 KES/CAD=83.5308 KES/EUR=109.131 KES/NZD=67.5313 KES/USD=82.9801 KES/JPY=1.00997 KES/GBP=131.279 KES/CHF=90.0343 KES/ZAR=10.5889 KES/CAD=83.5308 KES/AUD=85.3016 KES/NZD=67.5313 KES/EUR=109.131 KES/JPY=1.00997 KES/USD=82.9801 KES/GBP=131.279 KES/ZAR=10.5889 KES/CHF=90.0343 KES/AUD=85.3016 KES/CAD=83.5308 KES/NZD=67.5313 KES/EUR=109.131 KES/USD=82.9801 KES/JPY=1.00997 KES/GBP=131.279 KES/CHF=90.0343 KES/ZAR=10.5889 KES/CAD=83.5308 KES/AUD=85.3016 KES/NZD=67.5313 KES/EUR=109.131 KES/JPY=1.00997 KES/USD=82.9801 KES/GBP=131.279 KES/CHF=90.0343 KES/ZAR=10.5889 KES/CAD=83.5308 KES/AUD=85.3016 KES/NZD=67.5313 KES/EUR=109.131 KES/JPY=1.00997 KES/USD=82.9801 KES/GBP=131.279 KES/CHF=90.0343 KES/ZAR=10.5889 KES/CAD=83.5308 KES/AUD=85.3016 KES/NZD=67.5313 KES/EUR=109.131 KES/JPY=1.00997 KES/USD=82.9801 KES/GBP=131.279 KES/CHF=90.0343 KES/ZAR=10.5889 KES/CAD=83.5308 KES/AUD=85.3016 KES/NZD=67.5313 KES/EUR=109.131 KES/JPY=1.00997 KES/USD=82.9801 KES/CHF=90.0343 KES/GBP=131.279 KES/CAD=83.5308 KES/ZAR=10.5889 KES/NZD=67.5313 KES/AUD=85.3016 KES/JPY=1.00997 KES/EUR=109.131 KES/CHF=90.0343 KES/GBP=131.279 KES/USD=82.9801 KES/CAD=83.5308 KES/ZAR=10.5889 KES/NZD=67.5313 KES/AUD=85.3016 KES/JPY=1.00997 KES/EUR=109.131 KES/GBP=131.279 KES/USD=82.9801 KES/CHF=90.0343 KES/ZAR=10.5889 KES/CAD=83.5308 KES/AUD=85.3016 KES/NZD=67.5313 KES/EUR=109.131 KES/JPY=1.00997 KES/USD=82.9801 KES/GBP=131.279 KES/CHF=90.0343 KES/ZAR=10.5889 KES/CAD=83.5308 KES/AUD=85.3016 KES/NZD=67.5313 KES/EUR=109.131 KES/JPY=1.00997 KES/USD=82.9801 KES/GBP=131.279 KES/CHF=90.0343 KES/ZAR=10.5889 KES/CAD=83.5308 KES/AUD=85.3016 KES/NZD=67.5313 KES/EUR=109.131 KES/CHF=90.0343 KES/JPY=1.00997 KES/USD=82.9801 KES/CAD=83.5308 KES/GBP=131.279 KES/NZD=67.5313 KES/ZAR=10.5889 KES/JPY=1.00997 KES/CHF=90.0343 KES/AUD=85.3016 KES/GBP=131.279 KES/CAD=83.5308 KES/EUR=109.131 KES/ZAR=10.5889 KES/NZD=67.5313 KES/USD=82.9801 KES/AUD=85.3016 KES/JPY=1.00997 KES/CHF=90.0343 KES/EUR=109.131 KES/GBP=131.279 KES/CAD=83.5308 KES/USD=82.9801 KES/ZAR=10.5889 KES/CHF=90.0343 KES/NZD=67.5313 KES/AUD=85.3016 KES/CAD=83.5308 KES/JPY=1.00997 KES/EUR=109.131 KES/NZD=67.5313 KES/GBP=131.279 KES/USD=82.9801 KES/ZAR=10.5889 KES/JPY=1.00997 KES/CHF=90.0343 KES/AUD=85.3016 KES/GBP=131.279 KES/CAD=83.5308 KES/EUR=109.131 KES/ZAR=10.5889 KES/NZD=67.5313 KES/CHF=90.0343 KES/USD=82.9801 KES/AUD=85.3016 KES/JPY=1.00997 KES/CAD=83.5308 KES/EUR=109.131 KES/GBP=131.279 KES/NZD=67.5313 KES/USD=82.9801 KES/ZAR=10.5889 KES/CHF=90.0343 KES/JPY=1.00997 KES/AUD=85.3016 KES/CAD=83.5308 KES/GBP=131.279 KES/EUR=109.131 KES/NZD=67.5313 KES/ZAR=10.5889 KES/USD=82.9801 KES/JPY=1.00997 KES/AUD=85.3016 KES/CHF=90.0343 KES/GBP=131.279 KES/EUR=109.131 KES/CAD=83.5308 KES/ZAR=10.5889 KES/USD=82.9801 KES/NZD=67.5313 KES/AUD=85.3016 KES/JPY=1.00997 KES/EUR=109.131 KES/GBP=131.279 KES/USD=82.9801 KES/ZAR=10.5889 KES/CHF=90.0343 KES/AUD=85.3016 KES/CAD=83.5308 KES/EUR=109.131 KES/NZD=67.5313 KES/JPY=1.00997 KES/USD=82.9801 KES/GBP=131.279 KES/CHF=90.0343 KES/ZAR=10.5889 KES/CAD=83.5308 KES/AUD=85.3016 KES/NZD=67.5313 KES/EUR=109.131 KES/JPY=1.00997 KES/USD=82.9801 KES/GBP=131.279 KES/CHF=90.0343 KES/ZAR=10.5889 KES/CAD=83.5308 KES/AUD=85.3016 KES/NZD=67.5313 KES/EUR=109.131 KES/JPY=1.00997 KES/CHF=90.0343 KES/USD=82.9801 KES/GBP=131.279 KES/CAD=83.5308 KES/ZAR=10.5889 KES/NZD=67.5313 KES/AUD=85.3016 KES/JPY=1.00997 KES/EUR=109.131 KES/GBP=131.279 KES/CHF=90.0343 KES/USD=82.9801 KES/ZAR=10.5889 KES/CAD=83.5308 KES/AUD=85.3016 KES/NZD=67.5313 KES/EUR=109.131 KES/JPY=1.00997 KES/USD=82.9801 KES/GBP=131.279 KES/CHF=90.0343 KES/ZAR=10.5889 KES/CAD=83.5308 KES/AUD=85.3016 KES/NZD=67.5313 KES/EUR=109.131 KES/JPY=1.00997 KES/USD=82.9801 KES/GBP=131.279 KES/CHF=90.0343 KES/ZAR=10.5889 KES/CAD=83.5308 KES/AUD=85.3016 KES/NZD=67.5313 KES/EUR=109.131 KES/JPY=1.00997 KES/CHF=90.0343 KES/USD=82.9801 KES/GBP=131.279 KES/CAD=83.5308 KES/ZAR=10.5889 KES/CHF=90.0343 KES/NZD=67.5313 KES/AUD=85.3016 KES/CAD=83.5308 KES/JPY=1.00997 KES/EUR=109.131 KES/NZD=67.5313 KES/GBP=131.279 KES/USD=82.9801 KES/JPY=1.00997 KES/ZAR=10.5889 KES/GBP=131.279 KES/AUD=85.3016 KES/CHF=90.0343 KES/ZAR=10.5889 KES/EUR=109.131 KES/CAD=83.5308 KES/AUD=85.3016 KES/USD=82.9801 KES/NZD=67.5313 KES/EUR=109.131 KES/JPY=1.00997 KES/USD=82.9801 KES/GBP=131.279 KES/CHF=90.0343 KES/ZAR=10.5889 KES/CAD=83.5308 KES/AUD=85.3016 KES/NZD=67.5313 KES/EUR=109.131 KES/JPY=1.00997 KES/USD=82.9801 KES/GBP=131.279 KES/CHF=90.0343 KES/ZAR=10.5889 KES/CAD=83.5308 KES/AUD=85.3016 KES/NZD=67.5313 KES/EUR=109.131 KES/JPY=1.00997 KES/USD=82.9801 KES/CHF=90.0343 KES/GBP=131.279 KES/CAD=83.5308 KES/ZAR=10.5889 KES/NZD=67.5313 KES/CHF=90.0343 KES/AUD=85.3016 KES/CAD=83.5308 KES/JPY=1.00997 KES/EUR=109.131 KES/GBP=131.279 KES/NZD=67.5313 KES/USD=82.9801 KES/ZAR=10.5889 KES/JPY=1.00997 KES/CHF=90.0343 KES/GBP=131.279 KES/AUD=85.3016 KES/CAD=83.5308 KES/ZAR=10.5889 KES/EUR=109.131 KES/NZD=67.5313 KES/USD=82.9801 KES/AUD=85.3016 KES/JPY=1.00997 KES/CHF=90.0343 KES/EUR=109.131 KES/CHF=90.0343 KES/GBP=131.279 KES/CAD=83.5308 KES/USD=82.9801 KES/CHF=90.0343 KES/CAD=83.5308 KES/ZAR=10.5889 KES/NZD=67.5313 KES/CAD=83.5308 KES/CHF=90.0343 KES/NZD=67.5313 KES/AUD=85.3016 KES/JPY=1.00997 KES/NZD=67.5313 KES/CAD=83.5308 KES/JPY=1.00997 KES/CHF=90.0343 KES/EUR=109.131 KES/GBP=131.279 KES/NZD=67.5313 KES/JPY=1.00997 KES/GBP=131.279 KES/CAD=83.5308 KES/USD=82.9801 KES/ZAR=10.5889 KES/GBP=131.279 KES/JPY=1.00997 KES/CHF=90.0343 KES/ZAR=10.5889 KES/NZD=67.5313 KES/AUD=85.3016 KES/ZAR=10.5889 KES/GBP=131.279 KES/CAD=83.5308 KES/AUD=85.3016 KES/JPY=1.00997 KES/EUR=109.131 KES/AUD=85.3016 KES/ZAR=10.5889 KES/NZD=67.5313 KES/EUR=109.131 KES/GBP=131.279 KES/USD=82.9801 KES/EUR=109.131 KES/AUD=85.3016 KES/JPY=1.00997 KES/USD=82.9801 KES/ZAR=10.5889 KES/CHF=90.0343 KES/USD=82.9801 KES/EUR=109.131 KES/GBP=131.279 KES/AUD=85.3016 KES/CAD=83.5308 KES/USD=82.9801 KES/ZAR=10.5889 KES/EUR=109.131 KES/NZD=67.5313 KES/AUD=85.3016 KES/USD=82.9801 KES/JPY=1.00997 KES/EUR=109.131 KES/CHF=90.0343 KES/GBP=131.279 KES/USD=82.9801 KES/ZAR=10.5889 KES/CAD=83.5308 KES/AUD=85.3016 KES/NZD=67.5313 KES/EUR=109.131 KES/JPY=1.00997 KES/USD=82.9801 KES/GBP=131.279 KES/CHF=90.0343 KES/ZAR=10.5889 KES/CAD=83.5308 KES/AUD=85.3016 KES/NZD=67.5313 KES/EUR=109.131 KES/JPY=1.00997 KES/USD=82.9801 KES/GBP=131.279 KES/CHF=90.0343 KES/ZAR=10.5889 KES/CAD=83.5308 KES/AUD=85.3016 KES/NZD=67.5313 KES/EUR=109.131 KES/JPY=1.00997 KES/USD=82.9801 KES/GBP=131.279 KES/CHF=90.0343 KES/ZAR=10.5889 KES/CAD=83.5308 KES/AUD=85.3016 KES/NZD=67.5313 KES/EUR=109.131 KES/JPY=1.00997 KES/USD=82.9801 KES/GBP=131.279 KES/CHF=90.0343 KES/ZAR=10.5889 KES/CAD=83.5308 KES/AUD=85.3131 KES/NZD=67.666 KES/EUR=109.131 KES/JPY=1.01286 KES/USD=82.9888 KES/GBP=131.184 KES/ZAR=10.5603 KES/CHF=90.1875 KES/CAD=83.1479 KES/AUD=85.3131 KES/NZD=67.666 KES/EUR=109.131 KES/USD=82.9888 KES/JPY=1.01286 KES/GBP=131.184 KES/CHF=90.1875 KES/ZAR=10.5603 KES/CAD=83.1479 KES/AUD=85.3131 KES/NZD=67.666 KES/EUR=109.131 KES/JPY=1.01286 KES/USD=82.9888 KES/GBP=131.184 KES/CHF=90.1875 KES/ZAR=10.5603 KES/CAD=83.1479 KES/AUD=85.3131 KES/NZD=67.666 KES/EUR=109.131 KES/JPY=1.01286 KES/USD=82.9888 KES/GBP=131.184 KES/CHF=90.1875 KES/ZAR=10.5603 KES/CAD=83.1479 KES/AUD=85.3131 KES/NZD=67.666 KES/EUR=109.131 KES/JPY=1.01286 KES/USD=82.9888 KES/GBP=131.184 KES/CHF=90.1875 KES/ZAR=10.5603 KES/CAD=83.1479 KES/AUD=85.3131 KES/NZD=67.666 KES/EUR=109.131 KES/JPY=1.01286 KES/USD=82.9888 KES/GBP=131.184 KES/CHF=90.1875 KES/ZAR=10.5603 KES/CAD=83.1479 KES/AUD=85.3131 KES/NZD=67.666 KES/EUR=109.131 KES/CHF=90.1875 KES/JPY=1.01286 KES/USD=82.9888 KES/CAD=83.1479 KES/GBP=131.184 KES/NZD=67.666 KES/ZAR=10.5603 KES/AUD=85.3131 KES/JPY=1.01286 KES/EUR=109.131 KES/GBP=131.184 KES/CHF=90.1875 KES/USD=82.9888 KES/ZAR=10.5603 KES/CAD=83.1479 KES/AUD=85.3131 KES/NZD=67.666 KES/EUR=109.131 KES/JPY=1.01286 KES/USD=82.9888 KES/CHF=90.1875 KES/GBP=131.184 KES/CAD=83.1479 KES/ZAR=10.5603 KES/NZD=67.666 KES/AUD=85.3131 KES/JPY=1.01286 KES/EUR=109.131 KES/GBP=131.184 KES/USD=82.9888 KES/CHF=90.1875 KES/ZAR=10.5603 KES/CAD=83.1479 KES/AUD=85.3131 KES/NZD=67.666 KES/EUR=109.131 KES/JPY=1.01286 KES/USD=82.9888 KES/GBP=131.184 KES/CHF=90.1875 KES/ZAR=10.5603 KES/CAD=83.1479 KES/AUD=85.3131 KES/NZD=67.666 KES/EUR=109.131 KES/JPY=1.01286 KES/USD=82.9888 KES/GBP=131.184 KES/CHF=90.1875 KES/ZAR=10.5603 KES/CAD=83.1479 KES/AUD=85.3131 KES/NZD=67.666 KES/EUR=109.131 KES/JPY=1.01286 KES/USD=82.9888 KES/GBP=131.184 KES/ZAR=10.5603 KES/CHF=90.1875 KES/AUD=85.3131 KES/CAD=83.1479 KES/NZD=67.666 KES/EUR=109.131 KES/USD=82.9888 KES/JPY=1.01286 KES/GBP=131.184 KES/CHF=90.1875 KES/ZAR=10.5603 KES/CAD=83.1479 KES/AUD=85.3131 KES/NZD=67.666 KES/EUR=109.131 KES/JPY=1.01286 KES/USD=82.9888 ','send')
2012-04-05 18:06:13 - genAlerts.php - 
About to perform bulk insert into outbound... 2 Records
2012-04-05 18:06:13 - genAlerts.php - Successfully inserted alerts template for sending: insert into outbound(destAddr,sourceAddr,messageType,messageContent,status) values('+254729040397',default,default,'KES/ZAR=10.6188 KES/CHF=90.2762 KES/AUD=85.5098 KES/CAD=83.709 KES/EUR=109.131 KES/NZD=67.7057 KES/USD=82.9801 KES/JPY=1.00895 KES/GBP=131.279 KES/ZAR=10.5889 KES/CHF=90.0343 KES/AUD=85.3016 KES/CAD=83.5308 KES/EUR=109.131 KES/NZD=67.5313 KES/USD=82.9801 ','send')
2012-04-05 18:06:13 - genAlerts.php - Successfully inserted alerts template for sending: insert into outbound(destAddr,sourceAddr,messageType,messageContent,status) values('254706718938',default,default,'KES/ZAR=10.6188 KES/CHF=90.2762 KES/AUD=85.5098 KES/CAD=83.709 KES/EUR=109.131 KES/NZD=67.7057 KES/USD=82.9801 KES/JPY=1.00895 KES/GBP=131.279 KES/ZAR=10.5889 KES/CHF=90.0343 KES/AUD=85.3016 KES/CAD=83.5308 KES/EUR=109.131 KES/NZD=67.5313 KES/USD=82.9801 ','send')
2012-04-05 18:06:13 - genAlerts.php - Successfully updated alerts template for sending: update alerts set messageStatus = 'sent' where alertID = '35'
2012-04-05 18:06:13 - genAlerts.php - Successfully updated alerts template for sending: update alerts set messageStatus = 'sent' where alertID = '35'
2012-04-30 11:09:44 - genAlerts.php - Successfully fetched registered currency alerts: select serviceName,services.currencyID,currencies.fullName,currencies.abbreviation from services inner join currencies on currencies.currencyID=services.currencyID
2012-04-30 11:09:44 - genAlerts.php - Successfully fetched market rates for KES: select currencyID,market,rate,dateCreated from Rates where market in ('KES/USD','KES/AUD','KES/CAD','KES/CHF','KES/EUR','KES/GBP','KES/JPY','KES/NZD','KES/ZAR') and date(dateCreated)=curdate() and substr(timediff(time(now()),time(dateCreated)),1,2) < '02' order by dateCreated desc
2012-04-30 11:09:44 - genAlerts.php - 
About to perform bulk insert into outbound... 0 Records
2012-04-30 11:21:01 - genAlerts.php - Successfully fetched registered currency alerts: select serviceName,services.currencyID,currencies.fullName,currencies.abbreviation from services inner join currencies on currencies.currencyID=services.currencyID
2012-04-30 11:21:01 - genAlerts.php - Successfully fetched market rates for KES: select currencyID,market,rate,dateCreated from Rates where market in ('KES/USD','KES/AUD','KES/CAD','KES/CHF','KES/EUR','KES/GBP','KES/JPY','KES/NZD','KES/ZAR') and date(dateCreated)=curdate() and substr(timediff(time(now()),time(dateCreated)),1,2) < '02' order by dateCreated desc
2012-04-30 11:21:01 - genAlerts.php - 
About to perform bulk insert into outbound... 0 Records
